#
# There is insufficient memory for the Java Runtime Environment to continue.
# Native memory allocation (malloc) failed to allocate 1045456 bytes for Chunk::new
# Possible reasons:
#   The system is out of physical RAM or swap space
#   The process is running with CompressedOops enabled, and the Java Heap may be blocking the growth of the native heap
# Possible solutions:
#   Reduce memory load on the system
#   Increase physical memory or swap space
#   Check if swap backing store is full
#   Decrease Java heap size (-Xmx/-Xms)
#   Decrease number of Java threads
#   Decrease Java thread stack sizes (-Xss)
#   Set larger code cache with -XX:ReservedCodeCacheSize=
#   JVM is running with Unscaled Compressed Oops mode in which the Java heap is
#     placed in the first 4GB address space. The Java Heap base address is the
#     maximum limit for the native heap growth. Please use -XX:HeapBaseMinAddress
#     to set the Java Heap base and to place the Java Heap above 4GB virtual address.
# This output file may be truncated or incomplete.
#
#  Out of Memory Error (allocation.cpp:389), pid=1736, tid=0x0000000000000e5c
#
# JRE version: OpenJDK Runtime Environment (8.0_202-b03) (build 1.8.0_202-release-1483-b03)
# Java VM: OpenJDK 64-Bit Server VM (25.202-b03 mixed mode windows-amd64 compressed oops)
# Failed to write core dump. Minidumps are not enabled by default on client versions of Windows
#

---------------  T H R E A D  ---------------

Current thread (0x0000000016301000):  JavaThread "C2 CompilerThread1" daemon [_thread_in_native, id=3676, stack(0x0000000017a30000,0x0000000017b30000)]

Stack: [0x0000000017a30000,0x0000000017b30000]
[error occurred during error reporting (printing stack bounds), id 0xc0000005]

Native frames: (J=compiled Java code, j=interpreted, Vv=VM code, C=native code)


Current CompileTask:
C2:10934137 12235       4       org.gradle.api.internal.artifacts.transform.TransformCompletion::visit (30 bytes)


---------------  P R O C E S S  ---------------

Java Threads: ( => current thread )
  0x000000001d007800 JavaThread "WorkerExecutor Queue Thread 3" [_thread_blocked, id=3056, stack(0x00000000249b0000,0x0000000024ab0000)]
  0x000000001d006800 JavaThread "stdout" [_thread_in_native, id=1276, stack(0x00000000247a0000,0x00000000248a0000)]
  0x000000001d006000 JavaThread "stdout" [_thread_in_native, id=2408, stack(0x00000000246a0000,0x00000000247a0000)]
  0x000000001d005000 JavaThread "stderr" [_thread_in_native, id=2520, stack(0x00000000245a0000,0x00000000246a0000)]
  0x000000001cffc000 JavaThread "stderr" [_thread_in_native, id=6080, stack(0x00000000244a0000,0x00000000245a0000)]
  0x000000001d003000 JavaThread "pool-4-thread-1" [_thread_blocked, id=4792, stack(0x00000000243a0000,0x00000000244a0000)]
  0x000000001cffd000 JavaThread "WorkerExecutor Queue Thread 2" [_thread_blocked, id=6988, stack(0x00000000242a0000,0x00000000243a0000)]
  0x000000001d001800 JavaThread "WorkerExecutor Queue" [_thread_in_native, id=6180, stack(0x00000000241a0000,0x00000000242a0000)]
  0x000000001cfff000 JavaThread "Cache worker for execution history cache (C:\Users\ALEXANDRE\AndroidStudioProjects\Assist\.gradle\5.4.1\executionHistory)" [_thread_blocked, id=4776, stack(0x000000001ab20000,0x000000001ac20000)]
  0x000000001cffe800 JavaThread "Execution worker for ':' Thread 3" [_thread_blocked, id=6660, stack(0x0000000022e50000,0x0000000022f50000)]
  0x000000001cffa800 JavaThread "Execution worker for ':' Thread 2" [_thread_blocked, id=2180, stack(0x0000000022b20000,0x0000000022c20000)]
  0x0000000020f16000 JavaThread "Execution worker for ':'" [_thread_blocked, id=5140, stack(0x0000000022a20000,0x0000000022b20000)]
  0x00000000192a6800 JavaThread "Cache worker for file content cache (C:\Users\ALEXANDRE\AndroidStudioProjects\Assist\.gradle\5.4.1\fileContent)" [_thread_blocked, id=2760, stack(0x0000000022920000,0x0000000022a20000)]
  0x00000000192a3800 JavaThread "Cache worker for file content cache (C:\Users\ALEXANDRE\FamilyLife\.gradle\caches\5.4.1\fileContent)" [_thread_blocked, id=4864, stack(0x0000000022820000,0x0000000022920000)]
  0x000000001839e800 JavaThread "Cache worker for Build Output Cleanup Cache (C:\Users\ALEXANDRE\AndroidStudioProjects\Assist\.gradle\buildOutputCleanup)" [_thread_blocked, id=6404, stack(0x0000000022720000,0x0000000022820000)]
  0x000000001839d800 JavaThread "pool-3-thread-1" [_thread_blocked, id=7016, stack(0x000000001ef00000,0x000000001f000000)]
  0x000000001839c000 JavaThread "Build operations Thread 4" [_thread_blocked, id=6680, stack(0x000000001ec00000,0x000000001ed00000)]
  0x000000001839b800 JavaThread "Build operations Thread 3" [_thread_blocked, id=6984, stack(0x000000001e700000,0x000000001e800000)]
  0x0000000018391000 JavaThread "Build operations Thread 2" [_thread_blocked, id=4908, stack(0x000000001dfc0000,0x000000001e0c0000)]
  0x0000000018397000 JavaThread "Build operations" [_thread_blocked, id=7064, stack(0x000000001dec0000,0x000000001dfc0000)]
  0x000000001838f800 JavaThread "Cache worker for cache directory md-rule (C:\Users\ALEXANDRE\FamilyLife\.gradle\caches\5.4.1\md-rule)" [_thread_blocked, id=2764, stack(0x000000001e3c0000,0x000000001e4c0000)]
  0x0000000018395800 JavaThread "Cache worker for cache directory md-supplier (C:\Users\ALEXANDRE\FamilyLife\.gradle\caches\5.4.1\md-supplier)" [_thread_blocked, id=5076, stack(0x000000001d5c0000,0x000000001d6c0000)]
  0x0000000018392800 JavaThread "Cache worker for file hash cache (C:\Users\ALEXANDRE\AndroidStudioProjects\Assist\.gradle\5.4.1\fileHashes)" [_thread_blocked, id=2680, stack(0x000000001d4c0000,0x000000001d5c0000)]
  0x0000000018396000 JavaThread "Thread-32" [_thread_blocked, id=5720, stack(0x000000001d3c0000,0x000000001d4c0000)]
  0x0000000020f1b800 JavaThread "Asynchronous log dispatcher for DefaultDaemonConnection: socket connection from /127.0.0.1:53413 to /127.0.0.1:63203" [_thread_blocked, id=2864, stack(0x000000001a820000,0x000000001a920000)]
  0x0000000020f1a000 JavaThread "Daemon worker Thread 2" [_thread_blocked, id=6716, stack(0x000000001a720000,0x000000001a820000)]
  0x0000000020f17000 JavaThread "Cancel handler" [_thread_blocked, id=4752, stack(0x000000001a420000,0x000000001a520000)]
  0x0000000020f19000 JavaThread "Handler for socket connection from /127.0.0.1:53413 to /127.0.0.1:63203" [_thread_in_native, id=2336, stack(0x000000001a320000,0x000000001a420000)]
  0x0000000020f18800 JavaThread "Daemon Thread 2" [_thread_blocked, id=2400, stack(0x0000000002690000,0x0000000002790000)]
  0x0000000018398800 JavaThread "Memory manager" [_thread_blocked, id=3184, stack(0x0000000021ba0000,0x0000000021ca0000)]
  0x0000000018394000 JavaThread "Cache worker for execution history cache (C:\Users\ALEXANDRE\FamilyLife\.gradle\caches\5.4.1\executionHistory)" [_thread_blocked, id=4456, stack(0x000000001e0c0000,0x000000001e1c0000)]
  0x00000000192a2000 JavaThread "Cache worker for journal cache (C:\Users\ALEXANDRE\FamilyLife\.gradle\caches\journal-1)" [_thread_blocked, id=2972, stack(0x000000001b020000,0x000000001b120000)]
  0x00000000192a4800 JavaThread "File lock request listener" [_thread_in_native, id=5944, stack(0x000000001ad20000,0x000000001ae20000)]
  0x00000000192a5000 JavaThread "Cache worker for file hash cache (C:\Users\ALEXANDRE\FamilyLife\.gradle\caches\5.4.1\fileHashes)" [_thread_blocked, id=1156, stack(0x000000001ac20000,0x000000001ad20000)]
  0x000000001921d800 JavaThread "Daemon periodic checks" [_thread_blocked, id=984, stack(0x000000001a220000,0x000000001a320000)]
  0x000000001921b000 JavaThread "Incoming local TCP Connector on port 53413" [_thread_in_native, id=4448, stack(0x000000001a040000,0x000000001a140000)]
  0x00000000195ee800 JavaThread "Daemon health stats" [_thread_blocked, id=5044, stack(0x0000000019a00000,0x0000000019b00000)]
  0x000000001635e800 JavaThread "Service Thread" daemon [_thread_blocked, id=3812, stack(0x0000000018030000,0x0000000018130000)]
  0x0000000016309800 JavaThread "C1 CompilerThread2" daemon [_thread_blocked, id=1184, stack(0x0000000017b30000,0x0000000017c30000)]
=>0x0000000016301000 JavaThread "C2 CompilerThread1" daemon [_thread_in_native, id=3676, stack(0x0000000017a30000,0x0000000017b30000)]
  0x00000000162fd000 JavaThread "C2 CompilerThread0" daemon [_thread_blocked, id=6136, stack(0x0000000017930000,0x0000000017a30000)]
  0x00000000162fb800 JavaThread "Attach Listener" daemon [_thread_blocked, id=1724, stack(0x0000000017830000,0x0000000017930000)]
  0x00000000162fa000 JavaThread "Signal Dispatcher" daemon [_thread_blocked, id=2064, stack(0x0000000017730000,0x0000000017830000)]
  0x000000000298b800 JavaThread "Finalizer" daemon [_thread_blocked, id=3472, stack(0x0000000017550000,0x0000000017650000)]
  0x00000000162e9000 JavaThread "Reference Handler" daemon [_thread_blocked, id=5132, stack(0x0000000017450000,0x0000000017550000)]
  0x0000000002892800 JavaThread "main" [_thread_blocked, id=5648, stack(0x0000000002790000,0x0000000002890000)]

Other Threads:
  0x00000000162c7800 VMThread [stack: 0x0000000017350000,0x0000000017450000] [id=4320]
  0x0000000017c79000 WatcherThread [stack: 0x0000000018130000,0x0000000018230000] [id=5440]

VM state:not at safepoint (normal execution)

VM Mutex/Monitor currently owned by a thread: None

OutOfMemory and StackOverflow Exception counts:
OutOfMemoryError java_heap_errors=1

heap address: 0x00000000a0000000, size: 1536 MB, Compressed Oops mode: 32-bit
Narrow klass base: 0x0000000000000000, Narrow klass shift: 3
Compressed class space size: 1073741824 Address: 0x0000000100000000

Heap:
 PSYoungGen      total 145408K, used 72741K [0x00000000e0000000, 0x00000000ec180000, 0x0000000100000000)
  eden space 129024K, 56% used [0x00000000e0000000,0x00000000e4709518,0x00000000e7e00000)
  from space 16384K, 0% used [0x00000000e7e00000,0x00000000e7e00000,0x00000000e8e00000)
  to   space 29184K, 0% used [0x00000000ea500000,0x00000000ea500000,0x00000000ec180000)
 ParOldGen       total 80384K, used 75051K [0x00000000a0000000, 0x00000000a4e80000, 0x00000000e0000000)
  object space 80384K, 93% used [0x00000000a0000000,0x00000000a494af20,0x00000000a4e80000)
 Metaspace       used 71421K, capacity 73774K, committed 74752K, reserved 1114112K
  class space    used 9314K, capacity 9817K, committed 9984K, reserved 1048576K

Card table byte_map: [0x0000000011d50000,0x0000000012060000] byte_map_base: 0x0000000011850000

Marking Bits: (ParMarkBitMap*) 0x00000000556a9f30
 Begin Bits: [0x0000000012660000, 0x0000000013e60000)
 End Bits:   [0x0000000013e60000, 0x0000000015660000)

Polling page: 0x0000000002600000

CodeCache: size=245760Kb used=33836Kb max_used=34204Kb free=211923Kb
 bounds [0x0000000002990000, 0x0000000004b30000, 0x0000000011990000]
 total_blobs=10830 nmethods=10019 adapters=723
 compilation: enabled

Compilation events (10 events):
Event: 10933.717 Thread 0x0000000016309800 12247       3       java.io.ObjectInputStream::checkResolve (86 bytes)
Event: 10933.718 Thread 0x0000000016309800 nmethod 12247 0x00000000037feed0 code [0x00000000037ff0c0, 0x00000000037ffa18]
Event: 10933.720 Thread 0x00000000162fd000 12253       4       java.nio.file.Files::readAttributes (11 bytes)
Event: 10933.720 Thread 0x0000000016309800 12251       3       java.io.SerialCallbackContext::<init> (22 bytes)
Event: 10933.720 Thread 0x0000000016309800 nmethod 12251 0x0000000002db3950 code [0x0000000002db3ac0, 0x0000000002db3cd0]
Event: 10933.722 Thread 0x00000000162fd000 nmethod 12253 0x0000000004244ed0 code [0x0000000004245020, 0x0000000004245108]
Event: 10933.722 Thread 0x0000000016309800 12252       3       java.io.ObjectInputStream::readClassDesc (128 bytes)
Event: 10933.724 Thread 0x0000000016309800 nmethod 12252 0x0000000003934cd0 code [0x0000000003935000, 0x0000000003936608]
Event: 10933.725 Thread 0x0000000016309800 12248       3       java.io.ObjectInputStream$BlockDataInputStream::readInt (73 bytes)
Event: 10933.725 Thread 0x0000000016309800 nmethod 12248 0x000000000492f810 code [0x000000000492f9a0, 0x000000000492fd08]

GC Heap History (10 events):
Event: 5006.219 GC heap before
{Heap before GC invocations=28 (full 4):
 PSYoungGen      total 126464K, used 6319K [0x00000000e0000000, 0x00000000ea180000, 0x0000000100000000)
  eden space 119808K, 0% used [0x00000000e0000000,0x00000000e0000000,0x00000000e7500000)
  from space 6656K, 94% used [0x00000000e9b00000,0x00000000ea12bca0,0x00000000ea180000)
  to   space 15360K, 0% used [0x00000000e8380000,0x00000000e8380000,0x00000000e9280000)
 ParOldGen       total 64000K, used 56792K [0x00000000a0000000, 0x00000000a3e80000, 0x00000000e0000000)
  object space 64000K, 88% used [0x00000000a0000000,0x00000000a3776398,0x00000000a3e80000)
 Metaspace       used 69613K, capacity 72288K, committed 72576K, reserved 1112064K
  class space    used 9167K, capacity 9767K, committed 9856K, reserved 1048576K
Event: 5010.697 GC heap after
Heap after GC invocations=28 (full 4):
 PSYoungGen      total 126464K, used 0K [0x00000000e0000000, 0x00000000ea180000, 0x0000000100000000)
  eden space 119808K, 0% used [0x00000000e0000000,0x00000000e0000000,0x00000000e7500000)
  from space 6656K, 0% used [0x00000000e9b00000,0x00000000e9b00000,0x00000000ea180000)
  to   space 15360K, 0% used [0x00000000e8380000,0x00000000e8380000,0x00000000e9280000)
 ParOldGen       total 80384K, used 38068K [0x00000000a0000000, 0x00000000a4e80000, 0x00000000e0000000)
  object space 80384K, 47% used [0x00000000a0000000,0x00000000a252d130,0x00000000a4e80000)
 Metaspace       used 68824K, capacity 70960K, committed 72576K, reserved 1112064K
  class space    used 9028K, capacity 9514K, committed 9856K, reserved 1048576K
}
Event: 10773.504 GC heap before
{Heap before GC invocations=29 (full 4):
 PSYoungGen      total 126464K, used 119808K [0x00000000e0000000, 0x00000000ea180000, 0x0000000100000000)
  eden space 119808K, 100% used [0x00000000e0000000,0x00000000e7500000,0x00000000e7500000)
  from space 6656K, 0% used [0x00000000e9b00000,0x00000000e9b00000,0x00000000ea180000)
  to   space 15360K, 0% used [0x00000000e8380000,0x00000000e8380000,0x00000000e9280000)
 ParOldGen       total 80384K, used 38068K [0x00000000a0000000, 0x00000000a4e80000, 0x00000000e0000000)
  object space 80384K, 47% used [0x00000000a0000000,0x00000000a252d130,0x00000000a4e80000)
 Metaspace       used 69481K, capacity 71804K, committed 73088K, reserved 1112064K
  class space    used 9114K, capacity 9636K, committed 9856K, reserved 1048576K
Event: 10773.575 GC heap after
Heap after GC invocations=29 (full 4):
 PSYoungGen      total 136192K, used 5222K [0x00000000e0000000, 0x00000000e9c80000, 0x0000000100000000)
  eden space 130560K, 0% used [0x00000000e0000000,0x00000000e0000000,0x00000000e7f80000)
  from space 5632K, 92% used [0x00000000e8380000,0x00000000e88999d0,0x00000000e8900000)
  to   space 14848K, 0% used [0x00000000e8e00000,0x00000000e8e00000,0x00000000e9c80000)
 ParOldGen       total 80384K, used 38076K [0x00000000a0000000, 0x00000000a4e80000, 0x00000000e0000000)
  object space 80384K, 47% used [0x00000000a0000000,0x00000000a252f130,0x00000000a4e80000)
 Metaspace       used 69481K, capacity 71804K, committed 73088K, reserved 1112064K
  class space    used 9114K, capacity 9636K, committed 9856K, reserved 1048576K
}
Event: 10862.167 GC heap before
{Heap before GC invocations=30 (full 4):
 PSYoungGen      total 136192K, used 135782K [0x00000000e0000000, 0x00000000e9c80000, 0x0000000100000000)
  eden space 130560K, 100% used [0x00000000e0000000,0x00000000e7f80000,0x00000000e7f80000)
  from space 5632K, 92% used [0x00000000e8380000,0x00000000e88999d0,0x00000000e8900000)
  to   space 14848K, 0% used [0x00000000e8e00000,0x00000000e8e00000,0x00000000e9c80000)
 ParOldGen       total 80384K, used 38076K [0x00000000a0000000, 0x00000000a4e80000, 0x00000000e0000000)
  object space 80384K, 47% used [0x00000000a0000000,0x00000000a252f130,0x00000000a4e80000)
 Metaspace       used 69802K, capacity 72298K, committed 73344K, reserved 1112064K
  class space    used 9143K, capacity 9691K, committed 9856K, reserved 1048576K
Event: 10862.216 GC heap after
Heap after GC invocations=30 (full 4):
 PSYoungGen      total 143872K, used 14192K [0x00000000e0000000, 0x00000000ea900000, 0x0000000100000000)
  eden space 129024K, 0% used [0x00000000e0000000,0x00000000e0000000,0x00000000e7e00000)
  from space 14848K, 95% used [0x00000000e8e00000,0x00000000e9bdc020,0x00000000e9c80000)
  to   space 16384K, 0% used [0x00000000e7e00000,0x00000000e7e00000,0x00000000e8e00000)
 ParOldGen       total 80384K, used 38084K [0x00000000a0000000, 0x00000000a4e80000, 0x00000000e0000000)
  object space 80384K, 47% used [0x00000000a0000000,0x00000000a2531130,0x00000000a4e80000)
 Metaspace       used 69802K, capacity 72298K, committed 73344K, reserved 1112064K
  class space    used 9143K, capacity 9691K, committed 9856K, reserved 1048576K
}
Event: 10891.912 GC heap before
{Heap before GC invocations=31 (full 4):
 PSYoungGen      total 143872K, used 140923K [0x00000000e0000000, 0x00000000ea900000, 0x0000000100000000)
  eden space 129024K, 98% used [0x00000000e0000000,0x00000000e7bc2c38,0x00000000e7e00000)
  from space 14848K, 95% used [0x00000000e8e00000,0x00000000e9bdc020,0x00000000e9c80000)
  to   space 16384K, 0% used [0x00000000e7e00000,0x00000000e7e00000,0x00000000e8e00000)
 ParOldGen       total 80384K, used 38084K [0x00000000a0000000, 0x00000000a4e80000, 0x00000000e0000000)
  object space 80384K, 47% used [0x00000000a0000000,0x00000000a2531130,0x00000000a4e80000)
 Metaspace       used 70937K, capacity 73388K, committed 74496K, reserved 1114112K
  class space    used 9271K, capacity 9798K, committed 9984K, reserved 1048576K
Event: 10892.076 GC heap after
Heap after GC invocations=31 (full 4):
 PSYoungGen      total 145408K, used 16368K [0x00000000e0000000, 0x00000000ec180000, 0x0000000100000000)
  eden space 129024K, 0% used [0x00000000e0000000,0x00000000e0000000,0x00000000e7e00000)
  from space 16384K, 99% used [0x00000000e7e00000,0x00000000e8dfc198,0x00000000e8e00000)
  to   space 29184K, 0% used [0x00000000ea500000,0x00000000ea500000,0x00000000ec180000)
 ParOldGen       total 80384K, used 66023K [0x00000000a0000000, 0x00000000a4e80000, 0x00000000e0000000)
  object space 80384K, 82% used [0x00000000a0000000,0x00000000a4079f68,0x00000000a4e80000)
 Metaspace       used 70937K, capacity 73388K, committed 74496K, reserved 1114112K
  class space    used 9271K, capacity 9798K, committed 9984K, reserved 1048576K
}
Event: 10892.076 GC heap before
{Heap before GC invocations=32 (full 5):
 PSYoungGen      total 145408K, used 16368K [0x00000000e0000000, 0x00000000ec180000, 0x0000000100000000)
  eden space 129024K, 0% used [0x00000000e0000000,0x00000000e0000000,0x00000000e7e00000)
  from space 16384K, 99% used [0x00000000e7e00000,0x00000000e8dfc198,0x00000000e8e00000)
  to   space 29184K, 0% used [0x00000000ea500000,0x00000000ea500000,0x00000000ec180000)
 ParOldGen       total 80384K, used 66023K [0x00000000a0000000, 0x00000000a4e80000, 0x00000000e0000000)
  object space 80384K, 82% used [0x00000000a0000000,0x00000000a4079f68,0x00000000a4e80000)
 Metaspace       used 70937K, capacity 73388K, committed 74496K, reserved 1114112K
  class space    used 9271K, capacity 9798K, committed 9984K, reserved 1048576K
Event: 10892.862 GC heap after
Heap after GC invocations=32 (full 5):
 PSYoungGen      total 145408K, used 0K [0x00000000e0000000, 0x00000000ec180000, 0x0000000100000000)
  eden space 129024K, 0% used [0x00000000e0000000,0x00000000e0000000,0x00000000e7e00000)
  from space 16384K, 0% used [0x00000000e7e00000,0x00000000e7e00000,0x00000000e8e00000)
  to   space 29184K, 0% used [0x00000000ea500000,0x00000000ea500000,0x00000000ec180000)
 ParOldGen       total 80384K, used 75051K [0x00000000a0000000, 0x00000000a4e80000, 0x00000000e0000000)
  object space 80384K, 93% used [0x00000000a0000000,0x00000000a494af20,0x00000000a4e80000)
 Metaspace       used 70788K, capacity 73126K, committed 74496K, reserved 1114112K
  class space    used 9243K, capacity 9747K, committed 9984K, reserved 1048576K
}

Deoptimization events (10 events):
Event: 10919.157 Thread 0x000000001cffe800 Uncommon trap: reason=class_check action=maybe_recompile pc=0x00000000049c1d60 method=com.google.gson.stream.JsonWriter.beforeValue()V @ 111
Event: 10919.158 Thread 0x000000001cffe800 Uncommon trap: reason=class_check action=maybe_recompile pc=0x00000000049c1d60 method=com.google.gson.stream.JsonWriter.beforeValue()V @ 111
Event: 10919.164 Thread 0x000000001cffe800 Uncommon trap: reason=class_check action=maybe_recompile pc=0x00000000049c1d60 method=com.google.gson.stream.JsonWriter.beforeValue()V @ 111
Event: 10919.164 Thread 0x000000001cffe800 Uncommon trap: reason=class_check action=maybe_recompile pc=0x00000000049c1d60 method=com.google.gson.stream.JsonWriter.beforeValue()V @ 111
Event: 10919.397 Thread 0x000000001cffe800 Uncommon trap: reason=unstable_if action=reinterpret pc=0x00000000041e6f78 method=java.util.concurrent.ArrayBlockingQueue.enqueue(Ljava/lang/Object;)V @ 25
Event: 10919.398 Thread 0x000000001cffe800 Uncommon trap: reason=unstable_if action=reinterpret pc=0x00000000041e6584 method=java.util.concurrent.ArrayBlockingQueue.dequeue()Ljava/lang/Object; @ 32
Event: 10930.683 Thread 0x000000001cfff000 Uncommon trap: reason=unstable_if action=reinterpret pc=0x0000000003fbe7ec method=org.gradle.internal.io.StreamByteBuffer.allocateSpace()I @ 9
Event: 10930.876 Thread 0x000000001cfff000 Uncommon trap: reason=unstable_if action=reinterpret pc=0x000000000424c410 method=org.gradle.cache.internal.filelock.DefaultLockStateSerializer$SequenceNumberLockState.isDirty()Z @ 6
Event: 10933.684 Thread 0x0000000020f16000 Uncommon trap: reason=unstable_if action=reinterpret pc=0x0000000004850fe4 method=java.io.ObjectOutputStream$BlockDataOutputStream.writeBytes(Ljava/lang/String;)V @ 62
Event: 10933.708 Thread 0x000000001d007800 Uncommon trap: reason=class_check action=maybe_recompile pc=0x0000000002d8148c method=java.util.concurrent.Executors$RunnableAdapter.call()Ljava/lang/Object; @ 4

Classes redefined (0 events):
No events

Internal exceptions (10 events):
Event: 10894.171 Thread 0x0000000020f16000 Exception <a 'java/lang/NoSuchMethodError': <clinit>> (0x00000000e03c9d88) thrown at [D:\src\AOSP-openjdk-cygwin\jdk8u\hotspot\src\share\vm\prims\jni.cpp, line 1614]
Event: 10894.171 Thread 0x0000000020f16000 Exception <a 'java/lang/NoSuchMethodError': <clinit>> (0x00000000e03cec70) thrown at [D:\src\AOSP-openjdk-cygwin\jdk8u\hotspot\src\share\vm\prims\jni.cpp, line 1614]
Event: 10894.177 Thread 0x0000000020f16000 Exception <a 'java/lang/NoSuchMethodError': <clinit>> (0x00000000e03f23f0) thrown at [D:\src\AOSP-openjdk-cygwin\jdk8u\hotspot\src\share\vm\prims\jni.cpp, line 1614]
Event: 10901.558 Thread 0x000000001cffa800 Exception <a 'java/lang/NoSuchMethodError': <clinit>> (0x00000000e1400ea8) thrown at [D:\src\AOSP-openjdk-cygwin\jdk8u\hotspot\src\share\vm\prims\jni.cpp, line 1614]
Event: 10918.820 Thread 0x000000001cffe800 Implicit null exception at 0x0000000004923238 to 0x0000000004923855
Event: 10930.694 Thread 0x000000001cfff000 Exception <a 'java/lang/OutOfMemoryError'> (0x00000000e3ee7c88) thrown at [D:\src\AOSP-openjdk-cygwin\jdk8u\hotspot\src\share\vm\prims\jni.cpp, line 736]
Event: 10933.683 Thread 0x0000000020f16000 Exception <a 'java/lang/NoSuchMethodError': <clinit>> (0x00000000e432f288) thrown at [D:\src\AOSP-openjdk-cygwin\jdk8u\hotspot\src\share\vm\prims\jni.cpp, line 1614]
Event: 10933.686 Thread 0x0000000020f16000 Exception <a 'java/lang/NoSuchMethodError': <clinit>> (0x00000000e43485f0) thrown at [D:\src\AOSP-openjdk-cygwin\jdk8u\hotspot\src\share\vm\prims\jni.cpp, line 1614]
Event: 10933.687 Thread 0x0000000020f16000 Exception <a 'java/lang/NoSuchMethodError': <clinit>> (0x00000000e4360a68) thrown at [D:\src\AOSP-openjdk-cygwin\jdk8u\hotspot\src\share\vm\prims\jni.cpp, line 1614]
Event: 10933.694 Thread 0x0000000020f16000 Exception <a 'java/lang/NoSuchMethodError': <clinit>> (0x00000000e43c3b70) thrown at [D:\src\AOSP-openjdk-cygwin\jdk8u\hotspot\src\share\vm\prims\jni.cpp, line 1614]

Events (10 events):
Event: 10933.724 Thread 0x0000000016309800 flushing nmethod 0x000000000492d050
Event: 10933.724 Thread 0x0000000016309800 flushing nmethod 0x000000000492d690
Event: 10933.724 Thread 0x0000000016309800 flushing nmethod 0x000000000492e610
Event: 10933.724 Thread 0x0000000016309800 flushing nmethod 0x000000000492f810
Event: 10933.724 Thread 0x0000000016309800 flushing nmethod 0x0000000004930390
Event: 10933.724 Thread 0x0000000016309800 flushing nmethod 0x0000000004936910
Event: 10933.724 Thread 0x0000000016309800 flushing nmethod 0x0000000004938850
Event: 10933.740 loading class java/nio/file/Files$2 done
Event: 10933.740 loading class java/util/Spliterators$1Adapter
Event: 10933.817 loading class java/util/Spliterators$1Adapter done


Dynamic libraries:
0x00007ff684cf0000 - 0x00007ff684d21000 	C:\Program Files\Android\Android Studio2\jre\bin\java.exe
0x00007ffed5920000 - 0x00007ffed5ae2000 	C:\Windows\SYSTEM32\ntdll.dll
0x00007ffed31b0000 - 0x00007ffed325d000 	C:\Windows\system32\KERNEL32.DLL
0x00007ffed27d0000 - 0x00007ffed29ad000 	C:\Windows\system32\KERNELBASE.dll
0x00007ffed3390000 - 0x00007ffed3436000 	C:\Windows\system32\ADVAPI32.dll
0x00007ffed3440000 - 0x00007ffed34dd000 	C:\Windows\system32\msvcrt.dll
0x00007ffed3330000 - 0x00007ffed338b000 	C:\Windows\system32\sechost.dll
0x00007ffed5490000 - 0x00007ffed55b6000 	C:\Windows\system32\RPCRT4.dll
0x00007ffed3060000 - 0x00007ffed31ae000 	C:\Windows\system32\USER32.dll
0x00007ffed55c0000 - 0x00007ffed5743000 	C:\Windows\system32\GDI32.dll
0x00007ffec7ae0000 - 0x00007ffec7d54000 	C:\Windows\WinSxS\amd64_microsoft.windows.common-controls_6595b64144ccf1df_6.0.10240.17184_none_f41d7a705752bce6\COMCTL32.dll
0x00007ffed4ea0000 - 0x00007ffed4ed6000 	C:\Windows\system32\IMM32.DLL
0x00007ffed34e0000 - 0x00007ffed363c000 	C:\Windows\system32\MSCTF.dll
0x0000000054e00000 - 0x0000000054ed2000 	C:\Program Files\Android\Android Studio2\jre\jre\bin\msvcr100.dll
0x0000000054ee0000 - 0x0000000055726000 	C:\Program Files\Android\Android Studio2\jre\jre\bin\server\jvm.dll
0x00007ffed3040000 - 0x00007ffed3048000 	C:\Windows\system32\PSAPI.DLL
0x00007ffed0a50000 - 0x00007ffed0a73000 	C:\Windows\SYSTEM32\WINMM.dll
0x00007ffeca230000 - 0x00007ffeca239000 	C:\Windows\SYSTEM32\WSOCK32.dll
0x00007ffec8e50000 - 0x00007ffec8e5a000 	C:\Windows\SYSTEM32\VERSION.dll
0x00007ffed3850000 - 0x00007ffed38b9000 	C:\Windows\system32\WS2_32.dll
0x00000000025b0000 - 0x00000000025dc000 	C:\Windows\SYSTEM32\WINMMBASE.dll
0x00007ffed23e0000 - 0x00007ffed2424000 	C:\Windows\system32\cfgmgr32.dll
0x00007ffed3050000 - 0x00007ffed3058000 	C:\Windows\system32\NSI.dll
0x00007ffed0cc0000 - 0x00007ffed0ce7000 	C:\Windows\SYSTEM32\DEVOBJ.dll
0x00007ffec9fa0000 - 0x00007ffec9faf000 	C:\Program Files\Android\Android Studio2\jre\jre\bin\verify.dll
0x00007ffec0ad0000 - 0x00007ffec0af9000 	C:\Program Files\Android\Android Studio2\jre\jre\bin\java.dll
0x00007ffec9f80000 - 0x00007ffec9f96000 	C:\Program Files\Android\Android Studio2\jre\jre\bin\zip.dll
0x00007ffed3970000 - 0x00007ffed4e93000 	C:\Windows\system32\SHELL32.dll
0x00007ffed29b0000 - 0x00007ffed2fd9000 	C:\Windows\system32\windows.storage.dll
0x00007ffed50b0000 - 0x00007ffed532c000 	C:\Windows\system32\combase.dll
0x00007ffed3640000 - 0x00007ffed3691000 	C:\Windows\system32\shlwapi.dll
0x00007ffed2360000 - 0x00007ffed236f000 	C:\Windows\system32\kernel.appcore.dll
0x00007ffed2540000 - 0x00007ffed25f3000 	C:\Windows\system32\shcore.dll
0x00007ffed2390000 - 0x00007ffed23da000 	C:\Windows\system32\powrprof.dll
0x00007ffed2370000 - 0x00007ffed2383000 	C:\Windows\system32\profapi.dll
0x00007ffec44f0000 - 0x00007ffec450a000 	C:\Program Files\Android\Android Studio2\jre\jre\bin\net.dll
0x00007ffed1bb0000 - 0x00007ffed1c0d000 	C:\Windows\system32\mswsock.dll
0x00007ffec16a0000 - 0x00007ffec16b1000 	C:\Program Files\Android\Android Studio2\jre\jre\bin\nio.dll
0x00007ffeaaa00000 - 0x00007ffeaaa26000 	C:\Users\ALEXANDRE\FamilyLife\.gradle\native\29\windows-amd64\native-platform.dll
0x00007ffec8140000 - 0x00007ffec814d000 	C:\Program Files\Android\Android Studio2\jre\jre\bin\management.dll
0x00007ffed1c10000 - 0x00007ffed1c27000 	C:\Windows\SYSTEM32\CRYPTSP.dll
0x00007ffed2270000 - 0x00007ffed2298000 	C:\Windows\SYSTEM32\bcrypt.dll
0x00007ffed1860000 - 0x00007ffed1893000 	C:\Windows\system32\rsaenh.dll
0x00007ffed1950000 - 0x00007ffed196f000 	C:\Windows\SYSTEM32\USERENV.dll
0x00007ffed2160000 - 0x00007ffed21cb000 	C:\Windows\system32\bcryptprimitives.dll
0x00007ffed1d80000 - 0x00007ffed1d8b000 	C:\Windows\SYSTEM32\CRYPTBASE.dll
0x00007ffed05d0000 - 0x00007ffed0608000 	C:\Windows\SYSTEM32\IPHLPAPI.DLL
0x00007ffed05b0000 - 0x00007ffed05bb000 	C:\Windows\SYSTEM32\WINNSI.DLL
0x00007ffece3d0000 - 0x00007ffece3e6000 	C:\Windows\SYSTEM32\dhcpcsvc6.DLL
0x00007ffece280000 - 0x00007ffece29a000 	C:\Windows\SYSTEM32\dhcpcsvc.DLL

VM Arguments:
jvm_args: -Xmx1536m -Dfile.encoding=windows-1252 -Duser.country=US -Duser.language=en -Duser.variant 
java_command: org.gradle.launcher.daemon.bootstrap.GradleDaemon 5.4.1
java_class_path (initial): C:\Users\ALEXANDRE\FamilyLife\.gradle\wrapper\dists\gradle-5.4.1-all\3221gyojl5jsh0helicew7rwx\gradle-5.4.1\lib\gradle-launcher-5.4.1.jar
Launcher Type: SUN_STANDARD

Environment Variables:
JAVA_HOME=C:\Program Files\Java\jdk1.8.0_121
PATH=C:\Python27\;C:\Python27\Scripts;C:\ProgramData\Oracle\Java\javapath;C:\Windows\system32;C:\Windows;C:\Windows\System32\Wbem;C:\Windows\System32\WindowsPowerShell\v1.0\;C:\Qt\Qt5.6.2\5.6\mingw49_32\bin;C:\Qt\Qt5.6.2\Tools\QtCreator\bin;C:\vstudio;C:\Program Files\Java\jdk1.8.0_121\bin;C:\Qt\Qt5.6.2\5.6\mingw49_32\bin;C:\Qt\Qt5.6.2\Tools\mingw492_32;C:\Program Files (x86)\Windows Kits\8.1\Windows Performance Toolkit\;C:\Program Files (x86)\Microsoft Emulator Manager\1.0\C:\MinGW\bin;C:\MinGW\include;C:\MinGW\mingw32\bin;C:\Qt\Qt5.6.2\Tools\mingw492_32\bin;C:\Users\ALEXANDRE\Desktop\gradle-3.5\bin;C:\Program Files\Android\Android Studio\bin;C:\Program Files\Microsoft\Web Platform Installer\;C:\Program Files (x86)\Microsoft ASP.NET\ASP.NET Web Pages\v1.0\;C:\Program Files\Microsoft SQL Server\110\Tools\Binn\;C:\Program Files (x86)\MATLAB\R2013\runtime\win32;C:\Program Files (x86)\MATLAB\R2013\bin;C:\android-studio-ide-162.3934792-windows\android-studio\gradle\gradle-4.6-bin;C:\Users\ALEXANDRE\Desktop\bin;C:\Program Files\Java\jre7\bin;C:\Program Files (x86)\MiKTeX 2.9\miktex\bin\;C:\Program Files\MATLAB\R2017a\runtime\win64;C:\Program Files\MATLAB\R2017a\bin;C:\Program Files\MiKTeX 2.9\miktex\bin\x64\;C:\ProgramData\chocolatey\bin;C:\Program Files\PuTTY\;C:\Program Files\Git\cmd;C:\Program Files\Git\bin;C:\xampp\php;C:\ProgramData\ComposerSetup\bin;C:\Program Files\nodejs\;C:\Users\ALEXANDRE\AppData\Local\Programs\Python\Python37\Scripts\;C:\Users\ALEXANDRE\AppData\Local\Programs\Python\Python37\;C:\Program Files (x86)\Microsoft VS Code\bin;C:\Users\ALEXANDRE\AppData\Roaming\Composer\vendor\bin;C:\Users\ALEXANDRE\AppData\Roaming\npm;C:\Users\ALEXANDRE\AppData\Local\Programs\Microsoft VS Code\bin;C:\Program Files\JetBrains\IntelliJIDEA\bin;;C:\Program Files\heroku\bin
USERNAME=ALEXANDRE
OS=Windows_NT
PROCESSOR_IDENTIFIER=Intel64 Family 6 Model 42 Stepping 7, GenuineIntel



---------------  S Y S T E M  ---------------

OS: Windows 10.0 , 64 bit Build 10240 (10.0.10240.17113)

CPU:total 4 (initial active 4) (2 cores per cpu, 2 threads per core) family 6 model 42 stepping 7, cmov, cx8, fxsr, mmx, sse, sse2, sse3, ssse3, sse4.1, sse4.2, popcnt, avx, clmul, ht, tsc, tscinvbit

Memory: 4k page, physical 4140908k(252212k free), swap 5575532k(572k free)

vm_info: OpenJDK 64-Bit Server VM (25.202-b03) for windows-amd64 JRE (1.8.0_202-release-1483-b03), built by "builder" with MS VC++ 10.0 (VS2010)

time: Fri Oct 08 14:15:33 2021
timezone: W. Central Africa Standard Time
elapsed time: 10934 seconds (0d 3h 2m 14s)

