#
# There is insufficient memory for the Java Runtime Environment to continue.
# Native memory allocation (malloc) failed to allocate 1332816 bytes for Chunk::new
# Possible reasons:
#   The system is out of physical RAM or swap space
#   The process is running with CompressedOops enabled, and the Java Heap may be blocking the growth of the native heap
# Possible solutions:
#   Reduce memory load on the system
#   Increase physical memory or swap space
#   Check if swap backing store is full
#   Decrease Java heap size (-Xmx/-Xms)
#   Decrease number of Java threads
#   Decrease Java thread stack sizes (-Xss)
#   Set larger code cache with -XX:ReservedCodeCacheSize=
#   JVM is running with Unscaled Compressed Oops mode in which the Java heap is
#     placed in the first 4GB address space. The Java Heap base address is the
#     maximum limit for the native heap growth. Please use -XX:HeapBaseMinAddress
#     to set the Java Heap base and to place the Java Heap above 4GB virtual address.
# This output file may be truncated or incomplete.
#
#  Out of Memory Error (allocation.cpp:389), pid=5300, tid=0x00000000000016f0
#
# JRE version: OpenJDK Runtime Environment (8.0_202-b03) (build 1.8.0_202-release-1483-b03)
# Java VM: OpenJDK 64-Bit Server VM (25.202-b03 mixed mode windows-amd64 compressed oops)
# Failed to write core dump. Minidumps are not enabled by default on client versions of Windows
#

---------------  T H R E A D  ---------------

Current thread (0x0000000016223800):  JavaThread "C2 CompilerThread1" daemon [_thread_in_native, id=5872, stack(0x0000000017880000,0x0000000017980000)]

Stack: [0x0000000017880000,0x0000000017980000]
[error occurred during error reporting (printing stack bounds), id 0xc0000005]

Native frames: (J=compiled Java code, j=interpreted, Vv=VM code, C=native code)


Current CompileTask:
C2:3710885 18223       4       com.sun.tools.javac.comp.Lower::access (714 bytes)


---------------  P R O C E S S  ---------------

Java Threads: ( => current thread )
  0x000000001cb98800 JavaThread "Cache worker for Java compile cache (C:\Users\ALEXANDRE\AndroidStudioProjects\Assist\.gradle\5.4.1\javaCompile)" [_thread_blocked, id=3284, stack(0x0000000026090000,0x0000000026190000)]
  0x000000001cb97800 JavaThread "Cache worker for Java compile cache (C:\Users\ALEXANDRE\FamilyLife\.gradle\caches\5.4.1\javaCompile)" [_thread_blocked, id=6592, stack(0x0000000025a90000,0x0000000025b90000)]
  0x000000001cb97000 JavaThread "WorkerExecutor Queue Thread 3" [_thread_blocked, id=8564, stack(0x000000001a970000,0x000000001aa70000)]
  0x000000001cb9a800 JavaThread "stdout" [_thread_in_native, id=4108, stack(0x0000000025d90000,0x0000000025e90000)]
  0x000000001cb8e800 JavaThread "stderr" [_thread_in_native, id=1340, stack(0x0000000025c90000,0x0000000025d90000)]
  0x000000001cb95800 JavaThread "pool-8-thread-1" [_thread_blocked, id=492, stack(0x0000000025b90000,0x0000000025c90000)]
  0x000000001cb8e000 JavaThread "WorkerExecutor Queue" [_thread_blocked, id=7128, stack(0x0000000024740000,0x0000000024840000)]
  0x000000001cb94800 JavaThread "Cache worker for execution history cache (C:\Users\ALEXANDRE\AndroidStudioProjects\Assist\.gradle\5.4.1\executionHistory)" [_thread_blocked, id=8156, stack(0x0000000024640000,0x0000000024740000)]
  0x000000001cb8d000 JavaThread "Execution worker for ':' Thread 3" [_thread_blocked, id=4052, stack(0x0000000024540000,0x0000000024640000)]
  0x000000001cb91000 JavaThread "Execution worker for ':' Thread 2" [_thread_blocked, id=4968, stack(0x0000000024440000,0x0000000024540000)]
  0x000000001cb91800 JavaThread "Execution worker for ':'" [_thread_blocked, id=8556, stack(0x0000000024140000,0x0000000024240000)]
  0x000000001cb94000 JavaThread "Cache worker for file content cache (C:\Users\ALEXANDRE\AndroidStudioProjects\Assist\.gradle\5.4.1\fileContent)" [_thread_blocked, id=1428, stack(0x0000000024040000,0x0000000024140000)]
  0x000000001cb8f800 JavaThread "Cache worker for file content cache (C:\Users\ALEXANDRE\FamilyLife\.gradle\caches\5.4.1\fileContent)" [_thread_blocked, id=8804, stack(0x0000000023f40000,0x0000000024040000)]
  0x00000000184f2000 JavaThread "Cache worker for Build Output Cleanup Cache (C:\Users\ALEXANDRE\AndroidStudioProjects\Assist\.gradle\buildOutputCleanup)" [_thread_blocked, id=5088, stack(0x0000000023c40000,0x0000000023d40000)]
  0x00000000184f4800 JavaThread "pool-7-thread-1" [_thread_blocked, id=6792, stack(0x0000000023480000,0x0000000023580000)]
  0x00000000184f1800 JavaThread "Build operations Thread 4" [_thread_blocked, id=9000, stack(0x0000000022a80000,0x0000000022b80000)]
  0x00000000184f6800 JavaThread "Build operations Thread 3" [_thread_blocked, id=9716, stack(0x000000001e910000,0x000000001ea10000)]
  0x00000000184f6000 JavaThread "Build operations Thread 2" [_thread_blocked, id=7372, stack(0x000000001e810000,0x000000001e910000)]
  0x00000000184f5000 JavaThread "Build operations" [_thread_blocked, id=748, stack(0x000000001e110000,0x000000001e210000)]
  0x00000000184f3000 JavaThread "Cache worker for cache directory md-rule (C:\Users\ALEXANDRE\FamilyLife\.gradle\caches\5.4.1\md-rule)" [_thread_blocked, id=5988, stack(0x000000001e010000,0x000000001e110000)]
  0x00000000184e9800 JavaThread "Cache worker for cache directory md-supplier (C:\Users\ALEXANDRE\FamilyLife\.gradle\caches\5.4.1\md-supplier)" [_thread_blocked, id=9788, stack(0x000000001dc10000,0x000000001dd10000)]
  0x00000000184f0000 JavaThread "Cache worker for file hash cache (C:\Users\ALEXANDRE\AndroidStudioProjects\Assist\.gradle\5.4.1\fileHashes)" [_thread_blocked, id=8780, stack(0x000000001db10000,0x000000001dc10000)]
  0x00000000184ed000 JavaThread "Thread-64" [_thread_blocked, id=2400, stack(0x000000001d210000,0x000000001d310000)]
  0x00000000184e9000 JavaThread "Asynchronous log dispatcher for DefaultDaemonConnection: socket connection from /127.0.0.1:59012 to /127.0.0.1:56557" [_thread_blocked, id=8932, stack(0x000000001a670000,0x000000001a770000)]
  0x00000000184ee800 JavaThread "Daemon worker Thread 4" [_thread_blocked, id=6468, stack(0x000000001a570000,0x000000001a670000)]
  0x00000000184ec000 JavaThread "Cancel handler" [_thread_blocked, id=5112, stack(0x000000001a270000,0x000000001a370000)]
  0x0000000019080000 JavaThread "Handler for socket connection from /127.0.0.1:59012 to /127.0.0.1:56557" [_thread_in_native, id=4024, stack(0x000000001a170000,0x000000001a270000)]
  0x0000000019083000 JavaThread "Daemon Thread 4" [_thread_blocked, id=7888, stack(0x0000000000c10000,0x0000000000d10000)]
  0x00000000184f7800 JavaThread "Memory manager" [_thread_blocked, id=9672, stack(0x00000000219b0000,0x0000000021ab0000)]
  0x00000000184ef000 JavaThread "Cache worker for execution history cache (C:\Users\ALEXANDRE\FamilyLife\.gradle\caches\5.4.1\executionHistory)" [_thread_blocked, id=8708, stack(0x000000001dd10000,0x000000001de10000)]
  0x0000000019082000 JavaThread "Cache worker for journal cache (C:\Users\ALEXANDRE\FamilyLife\.gradle\caches\journal-1)" [_thread_blocked, id=9832, stack(0x000000001ac70000,0x000000001ad70000)]
  0x0000000019081800 JavaThread "File lock request listener" [_thread_in_native, id=7724, stack(0x000000001ab70000,0x000000001ac70000)]
  0x00000000195e1000 JavaThread "Cache worker for file hash cache (C:\Users\ALEXANDRE\FamilyLife\.gradle\caches\5.4.1\fileHashes)" [_thread_blocked, id=7624, stack(0x000000001aa70000,0x000000001ab70000)]
  0x000000001945b000 JavaThread "Daemon periodic checks" [_thread_blocked, id=4448, stack(0x000000001a070000,0x000000001a170000)]
  0x0000000019274800 JavaThread "Incoming local TCP Connector on port 59012" [_thread_in_native, id=7344, stack(0x0000000019e90000,0x0000000019f90000)]
  0x0000000018d6d800 JavaThread "Daemon health stats" [_thread_blocked, id=8728, stack(0x0000000019850000,0x0000000019950000)]
  0x0000000016263800 JavaThread "Service Thread" daemon [_thread_blocked, id=9056, stack(0x0000000017e80000,0x0000000017f80000)]
  0x000000001622d800 JavaThread "C1 CompilerThread2" daemon [_thread_blocked, id=9268, stack(0x0000000017980000,0x0000000017a80000)]
=>0x0000000016223800 JavaThread "C2 CompilerThread1" daemon [_thread_in_native, id=5872, stack(0x0000000017880000,0x0000000017980000)]
  0x000000001621f800 JavaThread "C2 CompilerThread0" daemon [_thread_in_native, id=4472, stack(0x0000000017780000,0x0000000017880000)]
  0x000000001621e000 JavaThread "Attach Listener" daemon [_thread_blocked, id=9552, stack(0x0000000017680000,0x0000000017780000)]
  0x000000001621b000 JavaThread "Signal Dispatcher" daemon [_thread_blocked, id=3512, stack(0x0000000017580000,0x0000000017680000)]
  0x00000000028ab800 JavaThread "Finalizer" daemon [_thread_blocked, id=7504, stack(0x0000000017480000,0x0000000017580000)]
  0x0000000016209000 JavaThread "Reference Handler" daemon [_thread_blocked, id=3344, stack(0x0000000017380000,0x0000000017480000)]
  0x00000000027b2800 JavaThread "main" [_thread_blocked, id=4704, stack(0x00000000026b0000,0x00000000027b0000)]

Other Threads:
  0x00000000161e7800 VMThread [stack: 0x0000000017280000,0x0000000017380000] [id=7500]
  0x0000000016265800 WatcherThread [stack: 0x0000000017f80000,0x0000000018080000] [id=4572]

VM state:at safepoint (normal execution)

VM Mutex/Monitor currently owned by a thread:  ([mutex/lock_event])
[0x00000000026ae480] Threads_lock - owner thread: 0x00000000161e7800
[0x00000000026ae700] Heap_lock - owner thread: 0x000000001cb91800

heap address: 0x00000000a0000000, size: 1536 MB, Compressed Oops mode: 32-bit
Narrow klass base: 0x0000000000000000, Narrow klass shift: 3
Compressed class space size: 1073741824 Address: 0x0000000100000000

Heap:
 PSYoungGen      total 161280K, used 161254K [0x00000000e0000000, 0x00000000edc00000, 0x0000000100000000)
  eden space 128512K, 100% used [0x00000000e0000000,0x00000000e7d80000,0x00000000e7d80000)
  from space 32768K, 99% used [0x00000000e7d80000,0x00000000e9d79870,0x00000000e9d80000)
  to   space 41984K, 72% used [0x00000000eb300000,0x00000000ed0e92f0,0x00000000edc00000)
 ParOldGen       total 204288K, used 178291K [0x00000000a0000000, 0x00000000ac780000, 0x00000000e0000000)
  object space 204288K, 87% used [0x00000000a0000000,0x00000000aae1ccd8,0x00000000ac780000)
 Metaspace       used 88703K, capacity 91518K, committed 92928K, reserved 1130496K
  class space    used 11049K, capacity 11694K, committed 12032K, reserved 1048576K

Card table byte_map: [0x0000000011c70000,0x0000000011f80000] byte_map_base: 0x0000000011770000

Marking Bits: (ParMarkBitMap*) 0x000000006a1f9f30
 Begin Bits: [0x0000000012580000, 0x0000000013d80000)
 End Bits:   [0x0000000013d80000, 0x0000000015580000)

Polling page: 0x0000000002540000

CodeCache: size=245760Kb used=54319Kb max_used=54319Kb free=191440Kb
 bounds [0x00000000028b0000, 0x0000000005e10000, 0x00000000118b0000]
 total_blobs=15695 nmethods=14803 adapters=803
 compilation: enabled

Compilation events (10 events):
Event: 3710.652 Thread 0x000000001622d800 18287       2       com.sun.tools.javac.comp.Attr::checkFirstConstructorStat (99 bytes)
Event: 3710.654 Thread 0x000000001622d800 nmethod 18287 0x0000000005e00410 code [0x0000000005e005c0, 0x0000000005e00a78]
Event: 3710.654 Thread 0x000000001622d800 18288       2       com.sun.tools.javac.tree.TreeInfo::setSymbol (67 bytes)
Event: 3710.655 Thread 0x000000001622d800 nmethod 18288 0x0000000005e00ed0 code [0x0000000005e01080, 0x0000000005e01488]
Event: 3710.655 Thread 0x000000001622d800 18289       2       com.sun.tools.javac.comp.MemberEnter::baseEnv (168 bytes)
Event: 3710.656 Thread 0x000000001622d800 nmethod 18289 0x0000000005e01850 code [0x0000000005e01a60, 0x0000000005e022a8]
Event: 3710.656 Thread 0x000000001622d800 18290       2       com.sun.tools.javac.comp.Check::checkDivZero (107 bytes)
Event: 3710.658 Thread 0x000000001622d800 nmethod 18290 0x0000000005e02b90 code [0x0000000005e02d80, 0x0000000005e03278]
Event: 3710.710 Thread 0x000000001622d800 18291       2       com.sun.tools.javac.jvm.ClassFile$NameAndType::equals (44 bytes)
Event: 3710.710 Thread 0x000000001622d800 nmethod 18291 0x0000000005e03690 code [0x0000000005e03820, 0x0000000005e03b68]

GC Heap History (10 events):
Event: 3692.844 GC heap after
Heap after GC invocations=32 (full 4):
 PSYoungGen      total 153600K, used 153157K [0x00000000e0000000, 0x00000000ebd00000, 0x0000000100000000)
  eden space 133632K, 99% used [0x00000000e0000000,0x00000000e82140d0,0x00000000e8280000)
  from space 19968K, 99% used [0x00000000ea000000,0x00000000eb37d5a8,0x00000000eb380000)
  to   space 9728K, 99% used [0x00000000eb380000,0x00000000ebcffe80,0x00000000ebd00000)
 ParOldGen       total 127488K, used 127258K [0x00000000a0000000, 0x00000000a7c80000, 0x00000000e0000000)
  object space 127488K, 99% used [0x00000000a0000000,0x00000000a7c46b58,0x00000000a7c80000)
 Metaspace       used 86350K, capacity 89924K, committed 90240K, reserved 1128448K
  class space    used 11013K, capacity 11780K, committed 11904K, reserved 1048576K
}
Event: 3692.844 GC heap before
{Heap before GC invocations=33 (full 5):
 PSYoungGen      total 153600K, used 153157K [0x00000000e0000000, 0x00000000ebd00000, 0x0000000100000000)
  eden space 133632K, 99% used [0x00000000e0000000,0x00000000e82140d0,0x00000000e8280000)
  from space 19968K, 99% used [0x00000000ea000000,0x00000000eb37d5a8,0x00000000eb380000)
  to   space 9728K, 99% used [0x00000000eb380000,0x00000000ebcffe80,0x00000000ebd00000)
 ParOldGen       total 127488K, used 127258K [0x00000000a0000000, 0x00000000a7c80000, 0x00000000e0000000)
  object space 127488K, 99% used [0x00000000a0000000,0x00000000a7c46b58,0x00000000a7c80000)
 Metaspace       used 86350K, capacity 89924K, committed 90240K, reserved 1128448K
  class space    used 11013K, capacity 11780K, committed 11904K, reserved 1048576K
Event: 3693.714 GC heap after
Heap after GC invocations=33 (full 5):
 PSYoungGen      total 153600K, used 0K [0x00000000e0000000, 0x00000000ebd00000, 0x0000000100000000)
  eden space 133632K, 0% used [0x00000000e0000000,0x00000000e0000000,0x00000000e8280000)
  from space 19968K, 0% used [0x00000000ea000000,0x00000000ea000000,0x00000000eb380000)
  to   space 9728K, 0% used [0x00000000eb380000,0x00000000eb380000,0x00000000ebd00000)
 ParOldGen       total 144384K, used 96364K [0x00000000a0000000, 0x00000000a8d00000, 0x00000000e0000000)
  object space 144384K, 66% used [0x00000000a0000000,0x00000000a5e1b250,0x00000000a8d00000)
 Metaspace       used 85441K, capacity 88212K, committed 90240K, reserved 1128448K
  class space    used 10835K, capacity 11464K, committed 11904K, reserved 1048576K
}
Event: 3702.536 GC heap before
{Heap before GC invocations=34 (full 5):
 PSYoungGen      total 153600K, used 133632K [0x00000000e0000000, 0x00000000ebd00000, 0x0000000100000000)
  eden space 133632K, 100% used [0x00000000e0000000,0x00000000e8280000,0x00000000e8280000)
  from space 19968K, 0% used [0x00000000ea000000,0x00000000ea000000,0x00000000eb380000)
  to   space 9728K, 0% used [0x00000000eb380000,0x00000000eb380000,0x00000000ebd00000)
 ParOldGen       total 144384K, used 96364K [0x00000000a0000000, 0x00000000a8d00000, 0x00000000e0000000)
  object space 144384K, 66% used [0x00000000a0000000,0x00000000a5e1b250,0x00000000a8d00000)
 Metaspace       used 86730K, capacity 89534K, committed 91008K, reserved 1128448K
  class space    used 10915K, capacity 11566K, committed 11904K, reserved 1048576K
Event: 3702.587 GC heap after
Heap after GC invocations=34 (full 5):
 PSYoungGen      total 138240K, used 9724K [0x00000000e0000000, 0x00000000ebd80000, 0x0000000100000000)
  eden space 128512K, 0% used [0x00000000e0000000,0x00000000e0000000,0x00000000e7d80000)
  from space 9728K, 99% used [0x00000000eb380000,0x00000000ebcff028,0x00000000ebd00000)
  to   space 32768K, 0% used [0x00000000e7d80000,0x00000000e7d80000,0x00000000e9d80000)
 ParOldGen       total 144384K, used 127781K [0x00000000a0000000, 0x00000000a8d00000, 0x00000000e0000000)
  object space 144384K, 88% used [0x00000000a0000000,0x00000000a7cc9750,0x00000000a8d00000)
 Metaspace       used 86730K, capacity 89534K, committed 91008K, reserved 1128448K
  class space    used 10915K, capacity 11566K, committed 11904K, reserved 1048576K
}
Event: 3702.587 GC heap before
{Heap before GC invocations=35 (full 6):
 PSYoungGen      total 138240K, used 9724K [0x00000000e0000000, 0x00000000ebd80000, 0x0000000100000000)
  eden space 128512K, 0% used [0x00000000e0000000,0x00000000e0000000,0x00000000e7d80000)
  from space 9728K, 99% used [0x00000000eb380000,0x00000000ebcff028,0x00000000ebd00000)
  to   space 32768K, 0% used [0x00000000e7d80000,0x00000000e7d80000,0x00000000e9d80000)
 ParOldGen       total 144384K, used 127781K [0x00000000a0000000, 0x00000000a8d00000, 0x00000000e0000000)
  object space 144384K, 88% used [0x00000000a0000000,0x00000000a7cc9750,0x00000000a8d00000)
 Metaspace       used 86730K, capacity 89534K, committed 91008K, reserved 1128448K
  class space    used 10915K, capacity 11566K, committed 11904K, reserved 1048576K
Event: 3703.238 GC heap after
Heap after GC invocations=35 (full 6):
 PSYoungGen      total 138240K, used 0K [0x00000000e0000000, 0x00000000ebd80000, 0x0000000100000000)
  eden space 128512K, 0% used [0x00000000e0000000,0x00000000e0000000,0x00000000e7d80000)
  from space 9728K, 0% used [0x00000000eb380000,0x00000000eb380000,0x00000000ebd00000)
  to   space 32768K, 0% used [0x00000000e7d80000,0x00000000e7d80000,0x00000000e9d80000)
 ParOldGen       total 204288K, used 135811K [0x00000000a0000000, 0x00000000ac780000, 0x00000000e0000000)
  object space 204288K, 66% used [0x00000000a0000000,0x00000000a84a0f08,0x00000000ac780000)
 Metaspace       used 86730K, capacity 89534K, committed 91008K, reserved 1128448K
  class space    used 10915K, capacity 11566K, committed 11904K, reserved 1048576K
}
Event: 3704.844 GC heap before
{Heap before GC invocations=36 (full 6):
 PSYoungGen      total 138240K, used 128512K [0x00000000e0000000, 0x00000000ebd80000, 0x0000000100000000)
  eden space 128512K, 100% used [0x00000000e0000000,0x00000000e7d80000,0x00000000e7d80000)
  from space 9728K, 0% used [0x00000000eb380000,0x00000000eb380000,0x00000000ebd00000)
  to   space 32768K, 0% used [0x00000000e7d80000,0x00000000e7d80000,0x00000000e9d80000)
 ParOldGen       total 204288K, used 135811K [0x00000000a0000000, 0x00000000ac780000, 0x00000000e0000000)
  object space 204288K, 66% used [0x00000000a0000000,0x00000000a84a0f08,0x00000000ac780000)
 Metaspace       used 86819K, capacity 89662K, committed 91264K, reserved 1128448K
  class space    used 10916K, capacity 11566K, committed 11904K, reserved 1048576K
Event: 3704.909 GC heap after
Heap after GC invocations=36 (full 6):
 PSYoungGen      total 161280K, used 32742K [0x00000000e0000000, 0x00000000edc00000, 0x0000000100000000)
  eden space 128512K, 0% used [0x00000000e0000000,0x00000000e0000000,0x00000000e7d80000)
  from space 32768K, 99% used [0x00000000e7d80000,0x00000000e9d79870,0x00000000e9d80000)
  to   space 41984K, 0% used [0x00000000eb300000,0x00000000eb300000,0x00000000edc00000)
 ParOldGen       total 204288K, used 146560K [0x00000000a0000000, 0x00000000ac780000, 0x00000000e0000000)
  object space 204288K, 71% used [0x00000000a0000000,0x00000000a8f200e0,0x00000000ac780000)
 Metaspace       used 86819K, capacity 89662K, committed 91264K, reserved 1128448K
  class space    used 10916K, capacity 11566K, committed 11904K, reserved 1048576K
}
Event: 3710.715 GC heap before
{Heap before GC invocations=37 (full 6):
 PSYoungGen      total 161280K, used 161254K [0x00000000e0000000, 0x00000000edc00000, 0x0000000100000000)
  eden space 128512K, 100% used [0x00000000e0000000,0x00000000e7d80000,0x00000000e7d80000)
  from space 32768K, 99% used [0x00000000e7d80000,0x00000000e9d79870,0x00000000e9d80000)
  to   space 41984K, 0% used [0x00000000eb300000,0x00000000eb300000,0x00000000edc00000)
 ParOldGen       total 204288K, used 146560K [0x00000000a0000000, 0x00000000ac780000, 0x00000000e0000000)
  object space 204288K, 71% used [0x00000000a0000000,0x00000000a8f200e0,0x00000000ac780000)
 Metaspace       used 88703K, capacity 91518K, committed 92928K, reserved 1130496K
  class space    used 11049K, capacity 11694K, committed 12032K, reserved 1048576K

Deoptimization events (10 events):
Event: 3708.588 Thread 0x000000001cb91800 Uncommon trap: reason=class_check action=maybe_recompile pc=0x0000000005b638e8 method=com.sun.tools.javac.jvm.Pool.makePoolValue(Ljava/lang/Object;)Ljava/lang/Object; @ 58
Event: 3708.603 Thread 0x000000001cb91800 Uncommon trap: reason=class_check action=maybe_recompile pc=0x0000000005b638e8 method=com.sun.tools.javac.jvm.Pool.makePoolValue(Ljava/lang/Object;)Ljava/lang/Object; @ 58
Event: 3708.603 Thread 0x000000001cb91800 Uncommon trap: reason=class_check action=maybe_recompile pc=0x0000000005b638e8 method=com.sun.tools.javac.jvm.Pool.makePoolValue(Ljava/lang/Object;)Ljava/lang/Object; @ 58
Event: 3708.694 Thread 0x000000001cb91800 Uncommon trap: reason=unstable_if action=reinterpret pc=0x0000000005c62b5c method=com.sun.tools.javac.comp.Resolve.isAccessible(Lcom/sun/tools/javac/comp/Env;Lcom/sun/tools/javac/code/Type;Lcom/sun/tools/javac/code/Symbol;Z)Z @ 243
Event: 3708.912 Thread 0x000000001cb91800 Uncommon trap: reason=bimorphic action=maybe_recompile pc=0x0000000004ba2730 method=com.sun.tools.javac.code.Type$ClassType.isErroneous()Z @ 1
Event: 3708.912 Thread 0x000000001cb91800 Uncommon trap: reason=bimorphic action=maybe_recompile pc=0x0000000004bee30c method=com.sun.tools.javac.code.Types.rank(Lcom/sun/tools/javac/code/Type;)I @ 1
Event: 3708.913 Thread 0x000000001cb91800 Uncommon trap: reason=speculate_class_check action=maybe_recompile pc=0x0000000005443ad4 method=com.sun.tools.javac.code.Type.hasTag(Lcom/sun/tools/javac/code/TypeTag;)Z @ 2
Event: 3709.092 Thread 0x000000001cb91800 Uncommon trap: reason=unstable_if action=reinterpret pc=0x0000000002a33ce8 method=com.sun.tools.javac.util.IntHashTable.rehash()V @ 88
Event: 3710.462 Thread 0x000000001cb91800 Uncommon trap: reason=unstable_if action=reinterpret pc=0x0000000005a0ac98 method=com.sun.tools.javac.code.Scope.remove(Lcom/sun/tools/javac/code/Symbol;)V @ 118
Event: 3710.471 Thread 0x000000001cb91800 Uncommon trap: reason=speculate_class_check action=maybe_recompile pc=0x0000000005a36484 method=com.sun.tools.javac.util.ArrayUtils.ensureCapacity([Ljava/lang/Object;I)[Ljava/lang/Object; @ 39

Classes redefined (0 events):
No events

Internal exceptions (10 events):
Event: 3559.380 Thread 0x000000001cb91800 Exception <a 'java/lang/NoSuchMethodError': <clinit>> (0x00000000e8774208) thrown at [D:\src\AOSP-openjdk-cygwin\jdk8u\hotspot\src\share\vm\prims\jni.cpp, line 1614]
Event: 3559.385 Thread 0x000000001cb91800 Exception <a 'java/lang/NoSuchMethodError': <clinit>> (0x00000000e87ac538) thrown at [D:\src\AOSP-openjdk-cygwin\jdk8u\hotspot\src\share\vm\prims\jni.cpp, line 1614]
Event: 3693.738 Thread 0x00000000028ab800 Exception <a 'java/net/SocketException': Connection reset by peer: socket write error> (0x00000000e03154f0) thrown at [D:\src\AOSP-openjdk-cygwin\jdk8u\hotspot\src\share\vm\prims\jni.cpp, line 736]
Event: 3693.745 Thread 0x00000000028ab800 Exception <a 'java/net/SocketException': Connection reset by peer: socket write error> (0x00000000e0316530) thrown at [D:\src\AOSP-openjdk-cygwin\jdk8u\hotspot\src\share\vm\prims\jni.cpp, line 736]
Event: 3700.108 Thread 0x000000001cb91800 Implicit null exception at 0x00000000054bdc58 to 0x00000000054bdc8e
Event: 3702.512 Thread 0x000000001cb91800 Implicit null exception at 0x0000000002c05b71 to 0x0000000002c05f29
Event: 3702.534 Thread 0x000000001cb91800 Implicit null exception at 0x0000000005604fdd to 0x0000000005605d49
Event: 3703.239 Thread 0x000000001cb91800 Implicit null exception at 0x0000000003b8ebcb to 0x0000000003b8f2c9
Event: 3703.246 Thread 0x000000001cb91800 Implicit null exception at 0x0000000003db01b0 to 0x0000000003db084d
Event: 3705.418 Thread 0x000000001cb91800 Implicit null exception at 0x0000000004db7a8c to 0x0000000004db7aac

Events (10 events):
Event: 3710.032 Executing VM operation: ForceSafepoint done
Event: 3710.462 Thread 0x000000001cb91800 Uncommon trap: trap_request=0xffffff65 fr.pc=0x0000000005a0ac98
Event: 3710.462 Thread 0x000000001cb91800 DEOPT PACKING pc=0x0000000005a0ac98 sp=0x000000002423a0a0
Event: 3710.462 Thread 0x000000001cb91800 DEOPT UNPACKING pc=0x00000000028f557b sp=0x000000002423a050 mode 2
Event: 3710.471 Thread 0x000000001cb91800 Uncommon trap: trap_request=0xffffff76 fr.pc=0x0000000005a36484
Event: 3710.471 Thread 0x000000001cb91800 DEOPT PACKING pc=0x0000000005a36484 sp=0x000000002423a050
Event: 3710.471 Thread 0x000000001cb91800 DEOPT UNPACKING pc=0x00000000028f557b sp=0x0000000024239fe8 mode 2
Event: 3710.630 Thread 0x000000001cb91800 DEOPT PACKING pc=0x00000000056bde3d sp=0x000000002423a950
Event: 3710.630 Thread 0x000000001cb91800 DEOPT UNPACKING pc=0x00000000028f75d0 sp=0x000000002423a648 mode 0
Event: 3710.715 Executing VM operation: ParallelGCFailedAllocation


Dynamic libraries:
0x00007ff74a610000 - 0x00007ff74a641000 	C:\Program Files\Android\Android Studio2\jre\bin\java.exe
0x00007ffe543f0000 - 0x00007ffe545b2000 	C:\Windows\SYSTEM32\ntdll.dll
0x00007ffe542e0000 - 0x00007ffe5438d000 	C:\Windows\system32\KERNEL32.DLL
0x00007ffe50eb0000 - 0x00007ffe5108d000 	C:\Windows\system32\KERNELBASE.dll
0x00007ffe53cb0000 - 0x00007ffe53d56000 	C:\Windows\system32\ADVAPI32.dll
0x00007ffe53dd0000 - 0x00007ffe53e6d000 	C:\Windows\system32\msvcrt.dll
0x00007ffe51d30000 - 0x00007ffe51d8b000 	C:\Windows\system32\sechost.dll
0x00007ffe51c00000 - 0x00007ffe51d26000 	C:\Windows\system32\RPCRT4.dll
0x00007ffe53e70000 - 0x00007ffe53fbe000 	C:\Windows\system32\USER32.dll
0x00007ffe52210000 - 0x00007ffe52393000 	C:\Windows\system32\GDI32.dll
0x00007ffe488f0000 - 0x00007ffe48b64000 	C:\Windows\WinSxS\amd64_microsoft.windows.common-controls_6595b64144ccf1df_6.0.10240.17184_none_f41d7a705752bce6\COMCTL32.dll
0x00007ffe523a0000 - 0x00007ffe523d6000 	C:\Windows\system32\IMM32.DLL
0x00007ffe51fd0000 - 0x00007ffe5212c000 	C:\Windows\system32\MSCTF.dll
0x0000000069950000 - 0x0000000069a22000 	C:\Program Files\Android\Android Studio2\jre\jre\bin\msvcr100.dll
0x0000000069a30000 - 0x000000006a276000 	C:\Program Files\Android\Android Studio2\jre\jre\bin\server\jvm.dll
0x00007ffe52770000 - 0x00007ffe52778000 	C:\Windows\system32\PSAPI.DLL
0x00007ffe4a020000 - 0x00007ffe4a02a000 	C:\Windows\SYSTEM32\VERSION.dll
0x00007ffe4b660000 - 0x00007ffe4b669000 	C:\Windows\SYSTEM32\WSOCK32.dll
0x00007ffe4f470000 - 0x00007ffe4f493000 	C:\Windows\SYSTEM32\WINMM.dll
0x00007ffe53d60000 - 0x00007ffe53dc9000 	C:\Windows\system32\WS2_32.dll
0x00007ffe52130000 - 0x00007ffe52138000 	C:\Windows\system32\NSI.dll
0x00000000024f0000 - 0x000000000251c000 	C:\Windows\SYSTEM32\WINMMBASE.dll
0x00007ffe51a60000 - 0x00007ffe51aa4000 	C:\Windows\system32\cfgmgr32.dll
0x00007ffe4f650000 - 0x00007ffe4f677000 	C:\Windows\SYSTEM32\DEVOBJ.dll
0x00007ffe4b4b0000 - 0x00007ffe4b4bf000 	C:\Program Files\Android\Android Studio2\jre\jre\bin\verify.dll
0x00007ffe43d60000 - 0x00007ffe43d89000 	C:\Program Files\Android\Android Studio2\jre\jre\bin\java.dll
0x00007ffe47c10000 - 0x00007ffe47c26000 	C:\Program Files\Android\Android Studio2\jre\jre\bin\zip.dll
0x00007ffe52780000 - 0x00007ffe53ca3000 	C:\Windows\system32\SHELL32.dll
0x00007ffe51090000 - 0x00007ffe516b9000 	C:\Windows\system32\windows.storage.dll
0x00007ffe52440000 - 0x00007ffe526bc000 	C:\Windows\system32\combase.dll
0x00007ffe54390000 - 0x00007ffe543e1000 	C:\Windows\system32\shlwapi.dll
0x00007ffe50e10000 - 0x00007ffe50e1f000 	C:\Windows\system32\kernel.appcore.dll
0x00007ffe51720000 - 0x00007ffe517d3000 	C:\Windows\system32\shcore.dll
0x00007ffe50e20000 - 0x00007ffe50e6a000 	C:\Windows\system32\powrprof.dll
0x00007ffe50e90000 - 0x00007ffe50ea3000 	C:\Windows\system32\profapi.dll
0x00007ffe46bd0000 - 0x00007ffe46bea000 	C:\Program Files\Android\Android Studio2\jre\jre\bin\net.dll
0x00007ffe50620000 - 0x00007ffe5067d000 	C:\Windows\system32\mswsock.dll
0x00007ffe43540000 - 0x00007ffe43551000 	C:\Program Files\Android\Android Studio2\jre\jre\bin\nio.dll
0x00007ffe43da0000 - 0x00007ffe43dc6000 	C:\Users\ALEXANDRE\FamilyLife\.gradle\native\29\windows-amd64\native-platform.dll
0x00007ffe47b80000 - 0x00007ffe47b8d000 	C:\Program Files\Android\Android Studio2\jre\jre\bin\management.dll
0x00007ffe50680000 - 0x00007ffe50697000 	C:\Windows\SYSTEM32\CRYPTSP.dll
0x00007ffe50d40000 - 0x00007ffe50d68000 	C:\Windows\SYSTEM32\bcrypt.dll
0x00007ffe502d0000 - 0x00007ffe50303000 	C:\Windows\system32\rsaenh.dll
0x00007ffe503c0000 - 0x00007ffe503df000 	C:\Windows\SYSTEM32\USERENV.dll
0x00007ffe50c30000 - 0x00007ffe50c9b000 	C:\Windows\system32\bcryptprimitives.dll
0x00007ffe507f0000 - 0x00007ffe507fb000 	C:\Windows\SYSTEM32\CRYPTBASE.dll
0x00007ffe4ee70000 - 0x00007ffe4eea8000 	C:\Windows\SYSTEM32\IPHLPAPI.DLL
0x00007ffe4ee50000 - 0x00007ffe4ee5b000 	C:\Windows\SYSTEM32\WINNSI.DLL
0x00007ffe4c8f0000 - 0x00007ffe4c906000 	C:\Windows\SYSTEM32\dhcpcsvc6.DLL
0x00007ffe4c8d0000 - 0x00007ffe4c8ea000 	C:\Windows\SYSTEM32\dhcpcsvc.DLL
0x00007ffe41d80000 - 0x00007ffe41da4000 	C:\Program Files\Android\Android Studio2\jre\jre\bin\sunec.dll
0x00007ffe503e0000 - 0x00007ffe50488000 	C:\Windows\SYSTEM32\DNSAPI.dll
0x00007ffe4a150000 - 0x00007ffe4a15a000 	C:\Windows\System32\rasadhlp.dll
0x00007ffe4cb50000 - 0x00007ffe4cbb8000 	C:\Windows\System32\fwpuclnt.dll
0x00007ffe4e5a0000 - 0x00007ffe4e5ab000 	C:\Program Files\Android\Android Studio2\jre\jre\bin\sunmscapi.dll
0x00007ffe517e0000 - 0x00007ffe519a1000 	C:\Windows\system32\CRYPT32.dll
0x00007ffe50e70000 - 0x00007ffe50e81000 	C:\Windows\system32\MSASN1.dll

VM Arguments:
jvm_args: -Xmx1536m -Dfile.encoding=windows-1252 -Duser.country=US -Duser.language=en -Duser.variant 
java_command: org.gradle.launcher.daemon.bootstrap.GradleDaemon 5.4.1
java_class_path (initial): C:\Users\ALEXANDRE\FamilyLife\.gradle\wrapper\dists\gradle-5.4.1-all\3221gyojl5jsh0helicew7rwx\gradle-5.4.1\lib\gradle-launcher-5.4.1.jar
Launcher Type: SUN_STANDARD

Environment Variables:
JAVA_HOME=C:\Program Files\Java\jdk1.8.0_121
PATH=C:\Python27\;C:\Python27\Scripts;C:\ProgramData\Oracle\Java\javapath;C:\Windows\system32;C:\Windows;C:\Windows\System32\Wbem;C:\Windows\System32\WindowsPowerShell\v1.0\;C:\Qt\Qt5.6.2\5.6\mingw49_32\bin;C:\Qt\Qt5.6.2\Tools\QtCreator\bin;C:\vstudio;C:\Program Files\Java\jdk1.8.0_121\bin;C:\Qt\Qt5.6.2\5.6\mingw49_32\bin;C:\Qt\Qt5.6.2\Tools\mingw492_32;C:\Program Files (x86)\Windows Kits\8.1\Windows Performance Toolkit\;C:\Program Files (x86)\Microsoft Emulator Manager\1.0\C:\MinGW\bin;C:\MinGW\include;C:\MinGW\mingw32\bin;C:\Qt\Qt5.6.2\Tools\mingw492_32\bin;C:\Users\ALEXANDRE\Desktop\gradle-3.5\bin;C:\Program Files\Android\Android Studio\bin;C:\Program Files\Microsoft\Web Platform Installer\;C:\Program Files (x86)\Microsoft ASP.NET\ASP.NET Web Pages\v1.0\;C:\Program Files\Microsoft SQL Server\110\Tools\Binn\;C:\Program Files (x86)\MATLAB\R2013\runtime\win32;C:\Program Files (x86)\MATLAB\R2013\bin;C:\android-studio-ide-162.3934792-windows\android-studio\gradle\gradle-4.6-bin;C:\Users\ALEXANDRE\Desktop\bin;C:\Program Files\Java\jre7\bin;C:\Program Files (x86)\MiKTeX 2.9\miktex\bin\;C:\Program Files\MATLAB\R2017a\runtime\win64;C:\Program Files\MATLAB\R2017a\bin;C:\Program Files\MiKTeX 2.9\miktex\bin\x64\;C:\ProgramData\chocolatey\bin;C:\Program Files\PuTTY\;C:\Program Files\Git\cmd;C:\Program Files\Git\bin;C:\xampp\php;C:\ProgramData\ComposerSetup\bin;C:\Program Files\nodejs\;C:\Users\ALEXANDRE\AppData\Local\Programs\Python\Python37\Scripts\;C:\Users\ALEXANDRE\AppData\Local\Programs\Python\Python37\;C:\Program Files (x86)\Microsoft VS Code\bin;C:\Users\ALEXANDRE\AppData\Roaming\Composer\vendor\bin;C:\Users\ALEXANDRE\AppData\Roaming\npm;C:\Users\ALEXANDRE\AppData\Local\Programs\Microsoft VS Code\bin;C:\Program Files\JetBrains\IntelliJIDEA\bin;;C:\Program Files\heroku\bin
USERNAME=ALEXANDRE
OS=Windows_NT
PROCESSOR_IDENTIFIER=Intel64 Family 6 Model 42 Stepping 7, GenuineIntel



---------------  S Y S T E M  ---------------

OS: Windows 10.0 , 64 bit Build 10240 (10.0.10240.17113)

CPU:total 4 (initial active 4) (2 cores per cpu, 2 threads per core) family 6 model 42 stepping 7, cmov, cx8, fxsr, mmx, sse, sse2, sse3, ssse3, sse4.1, sse4.2, popcnt, avx, clmul, ht, tsc, tscinvbit

Memory: 4k page, physical 4140908k(584140k free), swap 5575532k(6368k free)

vm_info: OpenJDK 64-Bit Server VM (25.202-b03) for windows-amd64 JRE (1.8.0_202-release-1483-b03), built by "builder" with MS VC++ 10.0 (VS2010)

time: Wed Aug 18 15:46:50 2021
timezone: W. Central Africa Standard Time
elapsed time: 3710 seconds (0d 1h 1m 50s)

