#
# There is insufficient memory for the Java Runtime Environment to continue.
# Native memory allocation (malloc) failed to allocate 1116016 bytes for Chunk::new
# Possible reasons:
#   The system is out of physical RAM or swap space
#   The process is running with CompressedOops enabled, and the Java Heap may be blocking the growth of the native heap
# Possible solutions:
#   Reduce memory load on the system
#   Increase physical memory or swap space
#   Check if swap backing store is full
#   Decrease Java heap size (-Xmx/-Xms)
#   Decrease number of Java threads
#   Decrease Java thread stack sizes (-Xss)
#   Set larger code cache with -XX:ReservedCodeCacheSize=
#   JVM is running with Unscaled Compressed Oops mode in which the Java heap is
#     placed in the first 4GB address space. The Java Heap base address is the
#     maximum limit for the native heap growth. Please use -XX:HeapBaseMinAddress
#     to set the Java Heap base and to place the Java Heap above 4GB virtual address.
# This output file may be truncated or incomplete.
#
#  Out of Memory Error (allocation.cpp:389), pid=5712, tid=0x00000000000016b0
#
# JRE version: OpenJDK Runtime Environment (8.0_202-b03) (build 1.8.0_202-release-1483-b03)
# Java VM: OpenJDK 64-Bit Server VM (25.202-b03 mixed mode windows-amd64 compressed oops)
# Failed to write core dump. Minidumps are not enabled by default on client versions of Windows
#

---------------  T H R E A D  ---------------

Current thread (0x00000000165de000):  JavaThread "C2 CompilerThread0" daemon [_thread_in_native, id=5808, stack(0x0000000017c20000,0x0000000017d20000)]

Stack: [0x0000000017c20000,0x0000000017d20000]
[error occurred during error reporting (printing stack bounds), id 0xc0000005]

Native frames: (J=compiled Java code, j=interpreted, Vv=VM code, C=native code)


Current CompileTask:
C2:4530546 24818       4       com.android.utils.XmlUtils::append (639 bytes)


---------------  P R O C E S S  ---------------

Java Threads: ( => current thread )
  0x000000001955b000 JavaThread "pool-11-thread-1" [_thread_blocked, id=6952, stack(0x0000000025900000,0x0000000025a00000)]
  0x000000001954e800 JavaThread "WorkerExecutor Queue" [_thread_in_native, id=4364, stack(0x000000001ae10000,0x000000001af10000)]
  0x0000000019551800 JavaThread "Cache worker for execution history cache (C:\Users\ALEXANDRE\AndroidStudioProjects\Assist\.gradle\5.4.1\executionHistory)" [_thread_blocked, id=5176, stack(0x0000000025700000,0x0000000025800000)]
  0x000000001954f000 JavaThread "Execution worker for ':' Thread 3" [_thread_in_native, id=4796, stack(0x0000000025600000,0x0000000025700000)]
  0x0000000019550800 JavaThread "Execution worker for ':' Thread 2" [_thread_in_native, id=1868, stack(0x0000000025500000,0x0000000025600000)]
  0x000000001954d800 JavaThread "Execution worker for ':'" [_thread_in_native, id=4680, stack(0x0000000025400000,0x0000000025500000)]
  0x0000000019553000 JavaThread "Cache worker for file content cache (C:\Users\ALEXANDRE\AndroidStudioProjects\Assist\.gradle\5.4.1\fileContent)" [_thread_blocked, id=5908, stack(0x0000000025300000,0x0000000025400000)]
  0x000000001e329000 JavaThread "Cache worker for Build Output Cleanup Cache (C:\Users\ALEXANDRE\AndroidStudioProjects\Assist\.gradle\buildOutputCleanup)" [_thread_blocked, id=6380, stack(0x0000000024cd0000,0x0000000024dd0000)]
  0x000000001e327800 JavaThread "pool-10-thread-1" [_thread_blocked, id=1560, stack(0x0000000023b70000,0x0000000023c70000)]
  0x000000001e326800 JavaThread "Build operations Thread 4" [_thread_blocked, id=6236, stack(0x0000000023a70000,0x0000000023b70000)]
  0x000000001e328000 JavaThread "Build operations Thread 3" [_thread_blocked, id=6160, stack(0x0000000020ec0000,0x0000000020fc0000)]
  0x000000001e31f000 JavaThread "Build operations Thread 2" [_thread_blocked, id=6560, stack(0x0000000020bc0000,0x0000000020cc0000)]
  0x000000001e325000 JavaThread "Build operations" [_thread_blocked, id=4784, stack(0x00000000204c0000,0x00000000205c0000)]
  0x000000001e326000 JavaThread "Cache worker for cache directory md-rule (C:\Users\ALEXANDRE\FamilyLife\.gradle\caches\5.4.1\md-rule)" [_thread_blocked, id=1676, stack(0x00000000203c0000,0x00000000204c0000)]
  0x000000001e324800 JavaThread "Cache worker for cache directory md-supplier (C:\Users\ALEXANDRE\FamilyLife\.gradle\caches\5.4.1\md-supplier)" [_thread_blocked, id=2564, stack(0x000000001eb20000,0x000000001ec20000)]
  0x000000001e31c000 JavaThread "Cache worker for file hash cache (C:\Users\ALEXANDRE\AndroidStudioProjects\Assist\.gradle\5.4.1\fileHashes)" [_thread_blocked, id=6120, stack(0x000000001ea20000,0x000000001eb20000)]
  0x000000001e323000 JavaThread "Thread-111" [_thread_blocked, id=536, stack(0x000000001e680000,0x000000001e780000)]
  0x000000001e31a800 JavaThread "Asynchronous log dispatcher for DefaultDaemonConnection: socket connection from /127.0.0.1:59141 to /127.0.0.1:60106" [_thread_blocked, id=3564, stack(0x000000001ad10000,0x000000001ae10000)]
  0x000000001e321800 JavaThread "Daemon worker Thread 5" [_thread_blocked, id=6268, stack(0x000000001ac10000,0x000000001ad10000)]
  0x000000001e31d800 JavaThread "Cancel handler" [_thread_blocked, id=4504, stack(0x000000001ab10000,0x000000001ac10000)]
  0x000000001e31b800 JavaThread "Handler for socket connection from /127.0.0.1:59141 to /127.0.0.1:60106" [_thread_in_native, id=168, stack(0x000000001aa10000,0x000000001ab10000)]
  0x000000001e320800 JavaThread "Daemon Thread 5" [_thread_blocked, id=6776, stack(0x0000000001180000,0x0000000001280000)]
  0x000000001e320000 JavaThread "Cache worker for Java compile cache (C:\Users\ALEXANDRE\FamilyLife\.gradle\caches\5.4.1\javaCompile)" [_thread_blocked, id=5876, stack(0x0000000025800000,0x0000000025900000)]
  0x0000000019b19000 JavaThread "Cache worker for file content cache (C:\Users\ALEXANDRE\FamilyLife\.gradle\caches\5.4.1\fileContent)" [_thread_blocked, id=6104, stack(0x0000000025000000,0x0000000025100000)]
  0x0000000019554800 JavaThread "Memory manager" [_thread_blocked, id=5364, stack(0x0000000022670000,0x0000000022770000)]
  0x0000000019b1b000 JavaThread "Cache worker for execution history cache (C:\Users\ALEXANDRE\FamilyLife\.gradle\caches\5.4.1\executionHistory)" [_thread_blocked, id=5236, stack(0x00000000202c0000,0x00000000203c0000)]
  0x0000000019b1e000 JavaThread "Cache worker for journal cache (C:\Users\ALEXANDRE\FamilyLife\.gradle\caches\journal-1)" [_thread_blocked, id=3516, stack(0x000000001b110000,0x000000001b210000)]
  0x0000000019b1c000 JavaThread "File lock request listener" [_thread_in_native, id=2484, stack(0x000000001b010000,0x000000001b110000)]
  0x000000001829a000 JavaThread "Cache worker for file hash cache (C:\Users\ALEXANDRE\FamilyLife\.gradle\caches\5.4.1\fileHashes)" [_thread_blocked, id=3716, stack(0x000000001af10000,0x000000001b010000)]
  0x0000000019267000 JavaThread "Daemon periodic checks" [_thread_blocked, id=5856, stack(0x000000001a510000,0x000000001a610000)]
  0x0000000019286800 JavaThread "Incoming local TCP Connector on port 59141" [_thread_in_native, id=5852, stack(0x000000001a330000,0x000000001a430000)]
  0x0000000018cfa800 JavaThread "Daemon health stats" [_thread_blocked, id=5828, stack(0x0000000019cf0000,0x0000000019df0000)]
  0x000000001663d000 JavaThread "Service Thread" daemon [_thread_blocked, id=5788, stack(0x0000000018320000,0x0000000018420000)]
  0x00000000165e6000 JavaThread "C1 CompilerThread2" daemon [_thread_blocked, id=5820, stack(0x0000000017e20000,0x0000000017f20000)]
  0x00000000165e0800 JavaThread "C2 CompilerThread1" daemon [_thread_in_native, id=5816, stack(0x0000000017d20000,0x0000000017e20000)]
=>0x00000000165de000 JavaThread "C2 CompilerThread0" daemon [_thread_in_native, id=5808, stack(0x0000000017c20000,0x0000000017d20000)]
  0x00000000165dc800 JavaThread "Attach Listener" daemon [_thread_blocked, id=5804, stack(0x0000000017b20000,0x0000000017c20000)]
  0x00000000165db800 JavaThread "Signal Dispatcher" daemon [_thread_blocked, id=5792, stack(0x0000000017a20000,0x0000000017b20000)]
  0x0000000002c6d800 JavaThread "Finalizer" daemon [_thread_blocked, id=5796, stack(0x0000000017840000,0x0000000017940000)]
  0x00000000165c9000 JavaThread "Reference Handler" daemon [_thread_blocked, id=5800, stack(0x0000000017740000,0x0000000017840000)]
  0x0000000002b72800 JavaThread "main" [_thread_blocked, id=2008, stack(0x0000000002a70000,0x0000000002b70000)]

Other Threads:
  0x00000000165a7000 VMThread [stack: 0x0000000017640000,0x0000000017740000] [id=5812]
  0x0000000017f54000 WatcherThread [stack: 0x0000000018420000,0x0000000018520000] [id=5848]

VM state:not at safepoint (normal execution)

VM Mutex/Monitor currently owned by a thread: None

heap address: 0x00000000a0000000, size: 1536 MB, Compressed Oops mode: 32-bit
Narrow klass base: 0x0000000000000000, Narrow klass shift: 3
Compressed class space size: 1073741824 Address: 0x0000000100000000

Heap:
 PSYoungGen      total 436736K, used 363184K [0x00000000e0000000, 0x0000000100000000, 0x0000000100000000)
  eden space 356352K, 88% used [0x00000000e0000000,0x00000000f3522900,0x00000000f5c00000)
  from space 80384K, 58% used [0x00000000f5c00000,0x00000000f89899d8,0x00000000faa80000)
  to   space 80384K, 0% used [0x00000000fb180000,0x00000000fb180000,0x0000000100000000)
 ParOldGen       total 343552K, used 220856K [0x00000000a0000000, 0x00000000b4f80000, 0x00000000e0000000)
  object space 343552K, 64% used [0x00000000a0000000,0x00000000ad7ae1e0,0x00000000b4f80000)
 Metaspace       used 94810K, capacity 99234K, committed 99456K, reserved 1136640K
  class space    used 12059K, capacity 12906K, committed 12928K, reserved 1048576K

Card table byte_map: [0x0000000012030000,0x0000000012340000] byte_map_base: 0x0000000011b30000

Marking Bits: (ParMarkBitMap*) 0x0000000071c99f30
 Begin Bits: [0x0000000012940000, 0x0000000014140000)
 End Bits:   [0x0000000014140000, 0x0000000015940000)

Polling page: 0x00000000012a0000

CodeCache: size=245760Kb used=69773Kb max_used=69773Kb free=175987Kb
 bounds [0x0000000002c70000, 0x0000000007100000, 0x0000000011c70000]
 total_blobs=19660 nmethods=18799 adapters=773
 compilation: enabled

Compilation events (10 events):
Event: 4530.084 Thread 0x00000000165e6000 24822       3       sun.nio.cs.UTF_8$Encoder::encodeArrayLoop (489 bytes)
Event: 4530.088 Thread 0x00000000165e6000 nmethod 24822 0x00000000070eb350 code [0x00000000070eb8c0, 0x00000000070eef28]
Event: 4530.228 Thread 0x00000000165e6000 24824       3       java.io.ObjectStreamClass$MemberSignature::<init> (29 bytes)
Event: 4530.228 Thread 0x00000000165e6000 nmethod 24824 0x00000000070dfc90 code [0x00000000070dfe00, 0x00000000070e01c8]
Event: 4530.229 Thread 0x00000000165e6000 24825       1       org.gradle.workers.internal.DefaultWorkerConfiguration::getForkOptions (5 bytes)
Event: 4530.230 Thread 0x00000000165e6000 nmethod 24825 0x00000000070bfed0 code [0x00000000070c0020, 0x00000000070c0130]
Event: 4530.239 Thread 0x00000000165e6000 24826       1       org.gradle.internal.classpath.DefaultClassPath::getAsFiles (5 bytes)
Event: 4530.240 Thread 0x00000000165e6000 nmethod 24826 0x00000000070ac8d0 code [0x00000000070aca20, 0x00000000070acb30]
Event: 4530.249 Thread 0x00000000165e6000 24827       1       org.gradle.internal.work.DefaultConditionalExecutionQueue::access$100 (5 bytes)
Event: 4530.250 Thread 0x00000000165e6000 nmethod 24827 0x00000000070af310 code [0x00000000070af460, 0x00000000070af550]

GC Heap History (10 events):
Event: 1137.378 GC heap before
{Heap before GC invocations=33 (full 6):
 PSYoungGen      total 390656K, used 335872K [0x00000000e0000000, 0x0000000100000000, 0x0000000100000000)
  eden space 335872K, 100% used [0x00000000e0000000,0x00000000f4800000,0x00000000f4800000)
  from space 54784K, 0% used [0x00000000fbc00000,0x00000000fbc00000,0x00000000ff180000)
  to   space 94208K, 0% used [0x00000000f4800000,0x00000000f4800000,0x00000000fa400000)
 ParOldGen       total 343552K, used 191386K [0x00000000a0000000, 0x00000000b4f80000, 0x00000000e0000000)
  object space 343552K, 55% used [0x00000000a0000000,0x00000000abae6a90,0x00000000b4f80000)
 Metaspace       used 92858K, capacity 97130K, committed 97664K, reserved 1134592K
  class space    used 11894K, capacity 12728K, committed 12928K, reserved 1048576K
Event: 1137.432 GC heap after
Heap after GC invocations=33 (full 6):
 PSYoungGen      total 430080K, used 21830K [0x00000000e0000000, 0x0000000100000000, 0x0000000100000000)
  eden space 335872K, 0% used [0x00000000e0000000,0x00000000e0000000,0x00000000f4800000)
  from space 94208K, 23% used [0x00000000f4800000,0x00000000f5d51ad0,0x00000000fa400000)
  to   space 91136K, 0% used [0x00000000fa700000,0x00000000fa700000,0x0000000100000000)
 ParOldGen       total 343552K, used 191394K [0x00000000a0000000, 0x00000000b4f80000, 0x00000000e0000000)
  object space 343552K, 55% used [0x00000000a0000000,0x00000000abae8a90,0x00000000b4f80000)
 Metaspace       used 92858K, capacity 97130K, committed 97664K, reserved 1134592K
  class space    used 11894K, capacity 12728K, committed 12928K, reserved 1048576K
}
Event: 1141.034 GC heap before
{Heap before GC invocations=34 (full 6):
 PSYoungGen      total 430080K, used 357702K [0x00000000e0000000, 0x0000000100000000, 0x0000000100000000)
  eden space 335872K, 100% used [0x00000000e0000000,0x00000000f4800000,0x00000000f4800000)
  from space 94208K, 23% used [0x00000000f4800000,0x00000000f5d51ad0,0x00000000fa400000)
  to   space 91136K, 0% used [0x00000000fa700000,0x00000000fa700000,0x0000000100000000)
 ParOldGen       total 343552K, used 191394K [0x00000000a0000000, 0x00000000b4f80000, 0x00000000e0000000)
  object space 343552K, 55% used [0x00000000a0000000,0x00000000abae8a90,0x00000000b4f80000)
 Metaspace       used 93129K, capacity 97416K, committed 97920K, reserved 1134592K
  class space    used 11912K, capacity 12741K, committed 12928K, reserved 1048576K
Event: 1141.152 GC heap after
Heap after GC invocations=34 (full 6):
 PSYoungGen      total 416768K, used 30246K [0x00000000e0000000, 0x00000000ff300000, 0x0000000100000000)
  eden space 338944K, 0% used [0x00000000e0000000,0x00000000e0000000,0x00000000f4b00000)
  from space 77824K, 38% used [0x00000000fa700000,0x00000000fc4898c8,0x00000000ff300000)
  to   space 86016K, 0% used [0x00000000f4b00000,0x00000000f4b00000,0x00000000f9f00000)
 ParOldGen       total 343552K, used 191402K [0x00000000a0000000, 0x00000000b4f80000, 0x00000000e0000000)
  object space 343552K, 55% used [0x00000000a0000000,0x00000000abaeaa90,0x00000000b4f80000)
 Metaspace       used 93129K, capacity 97416K, committed 97920K, reserved 1134592K
  class space    used 11912K, capacity 12741K, committed 12928K, reserved 1048576K
}
Event: 1146.476 GC heap before
{Heap before GC invocations=35 (full 6):
 PSYoungGen      total 416768K, used 369190K [0x00000000e0000000, 0x00000000ff300000, 0x0000000100000000)
  eden space 338944K, 100% used [0x00000000e0000000,0x00000000f4b00000,0x00000000f4b00000)
  from space 77824K, 38% used [0x00000000fa700000,0x00000000fc4898c8,0x00000000ff300000)
  to   space 86016K, 0% used [0x00000000f4b00000,0x00000000f4b00000,0x00000000f9f00000)
 ParOldGen       total 343552K, used 191402K [0x00000000a0000000, 0x00000000b4f80000, 0x00000000e0000000)
  object space 343552K, 55% used [0x00000000a0000000,0x00000000abaeaa90,0x00000000b4f80000)
 Metaspace       used 93336K, capacity 97660K, committed 97920K, reserved 1134592K
  class space    used 11931K, capacity 12775K, committed 12928K, reserved 1048576K
Event: 1146.581 GC heap after
Heap after GC invocations=35 (full 6):
 PSYoungGen      total 424960K, used 36732K [0x00000000e0000000, 0x0000000100000000, 0x0000000100000000)
  eden space 338944K, 0% used [0x00000000e0000000,0x00000000e0000000,0x00000000f4b00000)
  from space 86016K, 42% used [0x00000000f4b00000,0x00000000f6edf378,0x00000000f9f00000)
  to   space 81920K, 0% used [0x00000000fb000000,0x00000000fb000000,0x0000000100000000)
 ParOldGen       total 343552K, used 191410K [0x00000000a0000000, 0x00000000b4f80000, 0x00000000e0000000)
  object space 343552K, 55% used [0x00000000a0000000,0x00000000abaeca90,0x00000000b4f80000)
 Metaspace       used 93336K, capacity 97660K, committed 97920K, reserved 1134592K
  class space    used 11931K, capacity 12775K, committed 12928K, reserved 1048576K
}
Event: 1154.780 GC heap before
{Heap before GC invocations=36 (full 6):
 PSYoungGen      total 424960K, used 371409K [0x00000000e0000000, 0x0000000100000000, 0x0000000100000000)
  eden space 338944K, 98% used [0x00000000e0000000,0x00000000f46d5380,0x00000000f4b00000)
  from space 86016K, 42% used [0x00000000f4b00000,0x00000000f6edf378,0x00000000f9f00000)
  to   space 81920K, 0% used [0x00000000fb000000,0x00000000fb000000,0x0000000100000000)
 ParOldGen       total 343552K, used 199602K [0x00000000a0000000, 0x00000000b4f80000, 0x00000000e0000000)
  object space 343552K, 58% used [0x00000000a0000000,0x00000000ac2ecaa0,0x00000000b4f80000)
 Metaspace       used 93434K, capacity 97780K, committed 98176K, reserved 1134592K
  class space    used 11946K, capacity 12787K, committed 12928K, reserved 1048576K
Event: 1154.818 GC heap after
Heap after GC invocations=36 (full 6):
 PSYoungGen      total 431104K, used 16656K [0x00000000e0000000, 0x00000000ff900000, 0x0000000100000000)
  eden space 356352K, 0% used [0x00000000e0000000,0x00000000e0000000,0x00000000f5c00000)
  from space 74752K, 22% used [0x00000000fb000000,0x00000000fc0441e0,0x00000000ff900000)
  to   space 80384K, 0% used [0x00000000f5c00000,0x00000000f5c00000,0x00000000faa80000)
 ParOldGen       total 343552K, used 208774K [0x00000000a0000000, 0x00000000b4f80000, 0x00000000e0000000)
  object space 343552K, 60% used [0x00000000a0000000,0x00000000acbe1840,0x00000000b4f80000)
 Metaspace       used 93434K, capacity 97780K, committed 98176K, reserved 1134592K
  class space    used 11946K, capacity 12787K, committed 12928K, reserved 1048576K
}
Event: 1191.190 GC heap before
{Heap before GC invocations=37 (full 6):
 PSYoungGen      total 431104K, used 373008K [0x00000000e0000000, 0x00000000ff900000, 0x0000000100000000)
  eden space 356352K, 100% used [0x00000000e0000000,0x00000000f5c00000,0x00000000f5c00000)
  from space 74752K, 22% used [0x00000000fb000000,0x00000000fc0441e0,0x00000000ff900000)
  to   space 80384K, 0% used [0x00000000f5c00000,0x00000000f5c00000,0x00000000faa80000)
 ParOldGen       total 343552K, used 219050K [0x00000000a0000000, 0x00000000b4f80000, 0x00000000e0000000)
  object space 343552K, 63% used [0x00000000a0000000,0x00000000ad5eaa58,0x00000000b4f80000)
 Metaspace       used 93614K, capacity 97952K, committed 98176K, reserved 1134592K
  class space    used 11951K, capacity 12793K, committed 12928K, reserved 1048576K
Event: 1191.226 GC heap after
Heap after GC invocations=37 (full 6):
 PSYoungGen      total 436736K, used 46630K [0x00000000e0000000, 0x0000000100000000, 0x0000000100000000)
  eden space 356352K, 0% used [0x00000000e0000000,0x00000000e0000000,0x00000000f5c00000)
  from space 80384K, 58% used [0x00000000f5c00000,0x00000000f89899d8,0x00000000faa80000)
  to   space 80384K, 0% used [0x00000000fb180000,0x00000000fb180000,0x0000000100000000)
 ParOldGen       total 343552K, used 220856K [0x00000000a0000000, 0x00000000b4f80000, 0x00000000e0000000)
  object space 343552K, 64% used [0x00000000a0000000,0x00000000ad7ae1e0,0x00000000b4f80000)
 Metaspace       used 93614K, capacity 97952K, committed 98176K, reserved 1134592K
  class space    used 11951K, capacity 12793K, committed 12928K, reserved 1048576K
}

Deoptimization events (10 events):
Event: 4528.150 Thread 0x000000001e321800 Uncommon trap: reason=unstable_if action=reinterpret pc=0x0000000006f73434 method=com.android.ide.common.resources.configuration.FolderConfiguration.getQualifierString()Ljava/lang/String; @ 94
Event: 4529.608 Thread 0x000000001e321800 Uncommon trap: reason=unstable_if action=reinterpret pc=0x000000000467a404 method=com.sun.org.apache.xerces.internal.dom.ElementImpl.getAttributes()Lorg/w3c/dom/NamedNodeMap; @ 4
Event: 4529.610 Thread 0x000000001e321800 Uncommon trap: reason=unstable_if action=reinterpret pc=0x000000000465e568 method=com.sun.org.apache.xerces.internal.dom.ParentNode.nodeListItem(I)Lorg/w3c/dom/Node; @ 76
Event: 4529.611 Thread 0x000000001e321800 Uncommon trap: reason=unstable_if action=reinterpret pc=0x000000000466208c method=com.sun.org.apache.xerces.internal.dom.ParentNode.nodeListItem(I)Lorg/w3c/dom/Node; @ 139
Event: 4529.611 Thread 0x000000001e321800 Uncommon trap: reason=unstable_if action=reinterpret pc=0x0000000006f62e54 method=com.sun.org.apache.xerces.internal.dom.DeferredDocumentImpl.getNodeValueString(IZ)Ljava/lang/String; @ 73
Event: 4529.805 Thread 0x000000001e321800 Uncommon trap: reason=null_check action=make_not_entrant pc=0x00000000070b3ad0 method=com.android.ide.common.resources.NodeUtils.processSingleNodeNamespace(Lorg/w3c/dom/Node;Lorg/w3c/dom/Document;)Z @ 8
Event: 4529.809 Thread 0x000000001e321800 Uncommon trap: reason=null_check action=make_not_entrant pc=0x0000000006f08cac method=com.sun.org.apache.xerces.internal.dom.NamedNodeMapImpl.findNamePoint(Ljava/lang/String;Ljava/lang/String;)I @ 105
Event: 4529.870 Thread 0x000000001e321800 Uncommon trap: reason=unstable_if action=reinterpret pc=0x00000000046bf370 method=com.android.utils.XmlUtils.appendXmlAttributeValue(Ljava/lang/StringBuilder;Ljava/lang/String;II)V @ 41
Event: 4530.028 Thread 0x000000001e321800 Uncommon trap: reason=unstable_if action=reinterpret pc=0x00000000070e1af8 method=com.android.utils.XmlUtils.toXmlAttributeValue(Ljava/lang/String;)Ljava/lang/String; @ 27
Event: 4530.078 Thread 0x000000001e321800 Uncommon trap: reason=unstable_if action=reinterpret pc=0x0000000006693eb4 method=sun.nio.cs.UTF_8$Encoder.encodeArrayLoop(Ljava/nio/CharBuffer;Ljava/nio/ByteBuffer;)Ljava/nio/charset/CoderResult; @ 87

Classes redefined (0 events):
No events

Internal exceptions (10 events):
Event: 1222.865 Thread 0x000000001954e800 Exception <a 'sun/nio/fs/WindowsException'> (0x00000000e3955ed8) thrown at [D:\src\AOSP-openjdk-cygwin\jdk8u\hotspot\src\share\vm\prims\jni.cpp, line 710]
Event: 4446.072 Thread 0x000000001e321800 Exception <a 'sun/nio/fs/WindowsException'> (0x00000000e687b538) thrown at [D:\src\AOSP-openjdk-cygwin\jdk8u\hotspot\src\share\vm\prims\jni.cpp, line 710]
Event: 4526.099 Thread 0x000000001e321800 Implicit null exception at 0x0000000003c1831e to 0x0000000003c184a1
Event: 4526.316 Thread 0x000000001e321800 Implicit null exception at 0x0000000006f1b0ff to 0x0000000006f1b31d
Event: 4526.344 Thread 0x000000001e321800 Implicit null exception at 0x0000000006f11f75 to 0x0000000006f11ff9
Event: 4528.150 Thread 0x000000001e321800 Implicit null exception at 0x0000000006f72cb3 to 0x0000000006f73427
Event: 4529.805 Thread 0x000000001e321800 Implicit null exception at 0x00000000070b2abb to 0x00000000070b3ac1
Event: 4529.809 Thread 0x000000001e321800 Implicit null exception at 0x0000000006f087dc to 0x0000000006f08c99
Event: 4530.225 Thread 0x000000001e321800 Exception <a 'java/lang/NoSuchMethodError': <clinit>> (0x00000000f28cac40) thrown at [D:\src\AOSP-openjdk-cygwin\jdk8u\hotspot\src\share\vm\prims\jni.cpp, line 1614]
Event: 4530.229 Thread 0x000000001e321800 Exception <a 'java/lang/NoSuchMethodError': <clinit>> (0x00000000f28e29b0) thrown at [D:\src\AOSP-openjdk-cygwin\jdk8u\hotspot\src\share\vm\prims\jni.cpp, line 1614]

Events (10 events):
Event: 4530.152 loading class com/android/build/gradle/internal/res/Aapt2CompileRunnable$Params
Event: 4530.152 loading class com/android/build/gradle/internal/res/Aapt2CompileRunnable$Params done
Event: 4530.243 Thread 0x000000001954e800 Thread added: 0x000000001954e800
Event: 4530.253 Executing VM operation: RevokeBias
Event: 4530.254 Executing VM operation: RevokeBias done
Event: 4530.255 loading class com/android/build/gradle/internal/res/Aapt2CompileRunnable$run$1
Event: 4530.255 loading class com/android/build/gradle/internal/res/Aapt2CompileRunnable$run$1 done
Event: 4530.257 Thread 0x000000001955b000 Thread added: 0x000000001955b000
Event: 4530.258 Executing VM operation: RevokeBias
Event: 4530.262 Executing VM operation: RevokeBias done


Dynamic libraries:
0x00007ff748d10000 - 0x00007ff748d41000 	C:\Program Files\Android\Android Studio2\jre\bin\java.exe
0x00007ffd52fa0000 - 0x00007ffd53162000 	C:\Windows\SYSTEM32\ntdll.dll
0x00007ffd51db0000 - 0x00007ffd51e5d000 	C:\Windows\system32\KERNEL32.DLL
0x00007ffd4fb70000 - 0x00007ffd4fd4d000 	C:\Windows\system32\KERNELBASE.dll
0x00007ffd521f0000 - 0x00007ffd52296000 	C:\Windows\system32\ADVAPI32.dll
0x00007ffd52350000 - 0x00007ffd523ed000 	C:\Windows\system32\msvcrt.dll
0x00007ffd528f0000 - 0x00007ffd5294b000 	C:\Windows\system32\sechost.dll
0x00007ffd52950000 - 0x00007ffd52a76000 	C:\Windows\system32\RPCRT4.dll
0x00007ffd526c0000 - 0x00007ffd5280e000 	C:\Windows\system32\USER32.dll
0x00007ffd523f0000 - 0x00007ffd52573000 	C:\Windows\system32\GDI32.dll
0x00007ffd471f0000 - 0x00007ffd47464000 	C:\Windows\WinSxS\amd64_microsoft.windows.common-controls_6595b64144ccf1df_6.0.10240.17184_none_f41d7a705752bce6\COMCTL32.dll
0x00007ffd52f60000 - 0x00007ffd52f96000 	C:\Windows\system32\IMM32.DLL
0x00007ffd52090000 - 0x00007ffd521ec000 	C:\Windows\system32\MSCTF.dll
0x00000000713f0000 - 0x00000000714c2000 	C:\Program Files\Android\Android Studio2\jre\jre\bin\msvcr100.dll
0x00000000714d0000 - 0x0000000071d16000 	C:\Program Files\Android\Android Studio2\jre\jre\bin\server\jvm.dll
0x00007ffd52650000 - 0x00007ffd52658000 	C:\Windows\system32\PSAPI.DLL
0x00007ffd4da50000 - 0x00007ffd4da73000 	C:\Windows\SYSTEM32\WINMM.dll
0x00007ffd463c0000 - 0x00007ffd463ca000 	C:\Windows\SYSTEM32\VERSION.dll
0x00007ffd4bad0000 - 0x00007ffd4bad9000 	C:\Windows\SYSTEM32\WSOCK32.dll
0x00007ffd52020000 - 0x00007ffd52089000 	C:\Windows\system32\WS2_32.dll
0x00007ffd4d990000 - 0x00007ffd4d9bc000 	C:\Windows\SYSTEM32\WINMMBASE.dll
0x00007ffd52010000 - 0x00007ffd52018000 	C:\Windows\system32\NSI.dll
0x00007ffd4fb20000 - 0x00007ffd4fb64000 	C:\Windows\system32\cfgmgr32.dll
0x00007ffd4e280000 - 0x00007ffd4e2a7000 	C:\Windows\SYSTEM32\DEVOBJ.dll
0x00007ffd4bac0000 - 0x00007ffd4bacf000 	C:\Program Files\Android\Android Studio2\jre\jre\bin\verify.dll
0x00007ffd49bf0000 - 0x00007ffd49c19000 	C:\Program Files\Android\Android Studio2\jre\jre\bin\java.dll
0x00007ffd49a90000 - 0x00007ffd49aa6000 	C:\Program Files\Android\Android Studio2\jre\jre\bin\zip.dll
0x00007ffd50660000 - 0x00007ffd51b83000 	C:\Windows\system32\SHELL32.dll
0x00007ffd50030000 - 0x00007ffd50659000 	C:\Windows\system32\windows.storage.dll
0x00007ffd52b10000 - 0x00007ffd52d8c000 	C:\Windows\system32\combase.dll
0x00007ffd52660000 - 0x00007ffd526b1000 	C:\Windows\system32\shlwapi.dll
0x00007ffd4fa30000 - 0x00007ffd4fa3f000 	C:\Windows\system32\kernel.appcore.dll
0x00007ffd4fa60000 - 0x00007ffd4fb13000 	C:\Windows\system32\shcore.dll
0x00007ffd4f9e0000 - 0x00007ffd4fa2a000 	C:\Windows\system32\powrprof.dll
0x00007ffd4fa40000 - 0x00007ffd4fa53000 	C:\Windows\system32\profapi.dll
0x00007ffd49940000 - 0x00007ffd4995a000 	C:\Program Files\Android\Android Studio2\jre\jre\bin\net.dll
0x00007ffd4f1d0000 - 0x00007ffd4f22d000 	C:\Windows\system32\mswsock.dll
0x00007ffd49850000 - 0x00007ffd49861000 	C:\Program Files\Android\Android Studio2\jre\jre\bin\nio.dll
0x00007ffd49ee0000 - 0x00007ffd49f06000 	C:\Users\ALEXANDRE\FamilyLife\.gradle\native\29\windows-amd64\native-platform.dll
0x00007ffd44ff0000 - 0x00007ffd44ffd000 	C:\Program Files\Android\Android Studio2\jre\jre\bin\management.dll
0x00007ffd4f230000 - 0x00007ffd4f247000 	C:\Windows\SYSTEM32\CRYPTSP.dll
0x00007ffd4f8f0000 - 0x00007ffd4f918000 	C:\Windows\SYSTEM32\bcrypt.dll
0x00007ffd4ee80000 - 0x00007ffd4eeb3000 	C:\Windows\system32\rsaenh.dll
0x00007ffd4ef70000 - 0x00007ffd4ef8f000 	C:\Windows\SYSTEM32\USERENV.dll
0x00007ffd4f7e0000 - 0x00007ffd4f84b000 	C:\Windows\system32\bcryptprimitives.dll
0x00007ffd4f400000 - 0x00007ffd4f40b000 	C:\Windows\SYSTEM32\CRYPTBASE.dll
0x00007ffd4e140000 - 0x00007ffd4e178000 	C:\Windows\SYSTEM32\IPHLPAPI.DLL
0x00007ffd4e120000 - 0x00007ffd4e12b000 	C:\Windows\SYSTEM32\WINNSI.DLL
0x00007ffd4cbb0000 - 0x00007ffd4cbc6000 	C:\Windows\SYSTEM32\dhcpcsvc6.DLL
0x00007ffd4cb30000 - 0x00007ffd4cb4a000 	C:\Windows\SYSTEM32\dhcpcsvc.DLL

VM Arguments:
jvm_args: -Xmx1536m -Dfile.encoding=windows-1252 -Duser.country=US -Duser.language=en -Duser.variant 
java_command: org.gradle.launcher.daemon.bootstrap.GradleDaemon 5.4.1
java_class_path (initial): C:\Users\ALEXANDRE\FamilyLife\.gradle\wrapper\dists\gradle-5.4.1-all\3221gyojl5jsh0helicew7rwx\gradle-5.4.1\lib\gradle-launcher-5.4.1.jar
Launcher Type: SUN_STANDARD

Environment Variables:
JAVA_HOME=C:\Program Files\Java\jdk1.8.0_121
PATH=C:\Python27\;C:\Python27\Scripts;C:\ProgramData\Oracle\Java\javapath;C:\Windows\system32;C:\Windows;C:\Windows\System32\Wbem;C:\Windows\System32\WindowsPowerShell\v1.0\;C:\Qt\Qt5.6.2\5.6\mingw49_32\bin;C:\Qt\Qt5.6.2\Tools\QtCreator\bin;C:\vstudio;C:\Program Files\Java\jdk1.8.0_121\bin;C:\Qt\Qt5.6.2\5.6\mingw49_32\bin;C:\Qt\Qt5.6.2\Tools\mingw492_32;C:\Program Files (x86)\Windows Kits\8.1\Windows Performance Toolkit\;C:\Program Files (x86)\Microsoft Emulator Manager\1.0\C:\MinGW\bin;C:\MinGW\include;C:\MinGW\mingw32\bin;C:\Qt\Qt5.6.2\Tools\mingw492_32\bin;C:\Users\ALEXANDRE\Desktop\gradle-3.5\bin;C:\Program Files\Android\Android Studio\bin;C:\Program Files\Microsoft\Web Platform Installer\;C:\Program Files (x86)\Microsoft ASP.NET\ASP.NET Web Pages\v1.0\;C:\Program Files\Microsoft SQL Server\110\Tools\Binn\;C:\Program Files (x86)\MATLAB\R2013\runtime\win32;C:\Program Files (x86)\MATLAB\R2013\bin;C:\android-studio-ide-162.3934792-windows\android-studio\gradle\gradle-4.6-bin;C:\Users\ALEXANDRE\Desktop\bin;C:\Program Files\Java\jre7\bin;C:\Program Files (x86)\MiKTeX 2.9\miktex\bin\;C:\Program Files\MATLAB\R2017a\runtime\win64;C:\Program Files\MATLAB\R2017a\bin;C:\Program Files\MiKTeX 2.9\miktex\bin\x64\;C:\ProgramData\chocolatey\bin;C:\Program Files\PuTTY\;C:\Program Files\Git\cmd;C:\Program Files\Git\bin;C:\xampp\php;C:\ProgramData\ComposerSetup\bin;C:\Program Files\nodejs\;C:\Users\ALEXANDRE\AppData\Local\Programs\Python\Python37\Scripts\;C:\Users\ALEXANDRE\AppData\Local\Programs\Python\Python37\;C:\Program Files (x86)\Microsoft VS Code\bin;C:\Users\ALEXANDRE\AppData\Roaming\Composer\vendor\bin;C:\Users\ALEXANDRE\AppData\Roaming\npm;C:\Users\ALEXANDRE\AppData\Local\Programs\Microsoft VS Code\bin;C:\Program Files\JetBrains\IntelliJIDEA\bin;;C:\Program Files\heroku\bin
USERNAME=ALEXANDRE
OS=Windows_NT
PROCESSOR_IDENTIFIER=Intel64 Family 6 Model 42 Stepping 7, GenuineIntel



---------------  S Y S T E M  ---------------

OS: Windows 10.0 , 64 bit Build 10240 (10.0.10240.17113)

CPU:total 4 (initial active 4) (2 cores per cpu, 2 threads per core) family 6 model 42 stepping 7, cmov, cx8, fxsr, mmx, sse, sse2, sse3, ssse3, sse4.1, sse4.2, popcnt, avx, clmul, ht, tsc, tscinvbit

Memory: 4k page, physical 4140908k(291504k free), swap 5575532k(5012k free)

vm_info: OpenJDK 64-Bit Server VM (25.202-b03) for windows-amd64 JRE (1.8.0_202-release-1483-b03), built by "builder" with MS VC++ 10.0 (VS2010)

time: Tue Sep 21 12:46:36 2021
timezone: W. Central Africa Standard Time
elapsed time: 4530 seconds (0d 1h 15m 30s)

